01-Aug-2023 18:03:17.192 INFORMACIÓN [main] org.apache.catalina.startup.VersionLoggerListener.log Nombre de la versión del servidor: Apache Tomcat/9.0.78
01-Aug-2023 18:03:17.196 INFORMACIÓN [main] org.apache.catalina.startup.VersionLoggerListener.log Server built:                      Jul 4 2023 13:15:43 UTC
01-Aug-2023 18:03:17.196 INFORMACIÓN [main] org.apache.catalina.startup.VersionLoggerListener.log Número de versión de servidor:     9.0.78.0
01-Aug-2023 18:03:17.196 INFORMACIÓN [main] org.apache.catalina.startup.VersionLoggerListener.log OS Name:                           Windows 11
01-Aug-2023 18:03:17.196 INFORMACIÓN [main] org.apache.catalina.startup.VersionLoggerListener.log Versión de Systema Operativo:      10.0
01-Aug-2023 18:03:17.196 INFORMACIÓN [main] org.apache.catalina.startup.VersionLoggerListener.log Arquitectura:                      amd64
01-Aug-2023 18:03:17.196 INFORMACIÓN [main] org.apache.catalina.startup.VersionLoggerListener.log Java Home:                         D:\Program Files\BellSoft\LibericaJDK-17
01-Aug-2023 18:03:17.196 INFORMACIÓN [main] org.apache.catalina.startup.VersionLoggerListener.log JVM Version:                       17.0.7+7-LTS
01-Aug-2023 18:03:17.196 INFORMACIÓN [main] org.apache.catalina.startup.VersionLoggerListener.log Vededor JVM:                       BellSoft
01-Aug-2023 18:03:17.196 INFORMACIÓN [main] org.apache.catalina.startup.VersionLoggerListener.log CATALINA_BASE:                     C:\Users\edefl\Downloads\GitHub\FixnimartJava\FixnimartJava.AccesoADatos\server\apache-tomcat-9.0.78
01-Aug-2023 18:03:17.198 INFORMACIÓN [main] org.apache.catalina.startup.VersionLoggerListener.log CATALINA_HOME:                     C:\Users\edefl\Downloads\GitHub\FixnimartJava\FixnimartJava.AccesoADatos\server\apache-tomcat-9.0.78
01-Aug-2023 18:03:17.207 INFORMACIÓN [main] org.apache.catalina.startup.VersionLoggerListener.log Command line argument:             --add-opens=java.base/java.lang=ALL-UNNAMED
01-Aug-2023 18:03:17.207 INFORMACIÓN [main] org.apache.catalina.startup.VersionLoggerListener.log Command line argument:             --add-opens=java.base/java.io=ALL-UNNAMED
01-Aug-2023 18:03:17.207 INFORMACIÓN [main] org.apache.catalina.startup.VersionLoggerListener.log Command line argument:             --add-opens=java.base/java.util=ALL-UNNAMED
01-Aug-2023 18:03:17.207 INFORMACIÓN [main] org.apache.catalina.startup.VersionLoggerListener.log Command line argument:             --add-opens=java.base/java.util.concurrent=ALL-UNNAMED
01-Aug-2023 18:03:17.207 INFORMACIÓN [main] org.apache.catalina.startup.VersionLoggerListener.log Command line argument:             --add-opens=java.rmi/sun.rmi.transport=ALL-UNNAMED
01-Aug-2023 18:03:17.207 INFORMACIÓN [main] org.apache.catalina.startup.VersionLoggerListener.log Command line argument:             -Djava.util.logging.config.file=C:\Users\edefl\Downloads\GitHub\FixnimartJava\FixnimartJava.AccesoADatos\server\apache-tomcat-9.0.78\conf\logging.properties
01-Aug-2023 18:03:17.207 INFORMACIÓN [main] org.apache.catalina.startup.VersionLoggerListener.log Command line argument:             -Djava.util.logging.manager=org.apache.juli.ClassLoaderLogManager
01-Aug-2023 18:03:17.207 INFORMACIÓN [main] org.apache.catalina.startup.VersionLoggerListener.log Command line argument:             -Djdk.tls.ephemeralDHKeySize=2048
01-Aug-2023 18:03:17.207 INFORMACIÓN [main] org.apache.catalina.startup.VersionLoggerListener.log Command line argument:             -Djava.protocol.handler.pkgs=org.apache.catalina.webresources
01-Aug-2023 18:03:17.207 INFORMACIÓN [main] org.apache.catalina.startup.VersionLoggerListener.log Command line argument:             -Dignore.endorsed.dirs=
01-Aug-2023 18:03:17.207 INFORMACIÓN [main] org.apache.catalina.startup.VersionLoggerListener.log Command line argument:             -Dcatalina.base=C:\Users\edefl\Downloads\GitHub\FixnimartJava\FixnimartJava.AccesoADatos\server\apache-tomcat-9.0.78
01-Aug-2023 18:03:17.207 INFORMACIÓN [main] org.apache.catalina.startup.VersionLoggerListener.log Command line argument:             -Dcatalina.home=C:\Users\edefl\Downloads\GitHub\FixnimartJava\FixnimartJava.AccesoADatos\server\apache-tomcat-9.0.78
01-Aug-2023 18:03:17.208 INFORMACIÓN [main] org.apache.catalina.startup.VersionLoggerListener.log Command line argument:             -Djava.io.tmpdir=C:\Users\edefl\Downloads\GitHub\FixnimartJava\FixnimartJava.AccesoADatos\server\apache-tomcat-9.0.78\temp
01-Aug-2023 18:03:17.211 INFORMACIÓN [main] org.apache.catalina.core.AprLifecycleListener.lifecycleEvent Cargada la biblioteca nativa APR de Apache Tomcat [1.2.37] con la versión APR [1.7.4].
01-Aug-2023 18:03:17.211 INFORMACIÓN [main] org.apache.catalina.core.AprLifecycleListener.lifecycleEvent Capacidades APR: IPv6 [true], enviar fichero [true], aceptar filtros [false], aleatorio [true], UDS [true].
01-Aug-2023 18:03:17.211 INFORMACIÓN [main] org.apache.catalina.core.AprLifecycleListener.lifecycleEvent APR/OpenSSL configuration: useAprConnector [false], useOpenSSL [true]
01-Aug-2023 18:03:17.214 INFORMACIÓN [main] org.apache.catalina.core.AprLifecycleListener.initializeSSL OpenSSL inicializado correctamente [OpenSSL 1.1.1u  30 May 2023]
01-Aug-2023 18:03:17.410 INFORMACIÓN [main] org.apache.coyote.AbstractProtocol.init Inicializando el manejador de protocolo ["http-nio-8080"]

01-Aug-2023 18:03:17.430 INFORMACIÓN [main] org.apache.catalina.startup.Catalina.load Server initialization in [388] milliseconds
01-Aug-2023 18:03:17.472 INFORMACIÓN [main] org.apache.catalina.core.StandardService.startInternal Arrancando servicio [Catalina]
01-Aug-2023 18:03:17.472 INFORMACIÓN [main] org.apache.catalina.core.StandardEngine.startInternal Starting Servlet engine: [Apache Tomcat/9.0.78]
01-Aug-2023 18:03:17.479 INFORMACIÓN [main] org.apache.catalina.startup.HostConfig.deployDescriptor Desplieque del descriptor de configuración [C:\Users\edefl\Downloads\GitHub\FixnimartJava\FixnimartJava.AccesoADatos\server\apache-tomcat-9.0.78\conf\Catalina\localhost\FixnimartJava.AppWeb.xml]
01-Aug-2023 18:03:17.490 ADVERTENCIA [main] org.apache.catalina.startup.HostConfig.deployDescriptor The path attribute with value [/FixnimartJava.AppWeb] in deployment descriptor [C:\Users\edefl\Downloads\GitHub\FixnimartJava\FixnimartJava.AccesoADatos\server\apache-tomcat-9.0.78\conf\Catalina\localhost\FixnimartJava.AppWeb.xml] has been ignored
01-Aug-2023 18:03:17.927 INFORMACIÓN [main] org.apache.jasper.servlet.TldScanner.scanJars Al menos un JAR, que se ha explorado buscando TLDs, aún no contenía TLDs. Activar historial de depuración para este historiador para una completa lista de los JARs que fueron explorados y de los que nos se halló TLDs. Saltarse JARs no necesarios durante la exploración puede dar lugar a una mejora de tiempo significativa en el arranque y compilación de JSP .
01-Aug-2023 18:03:17.992 INFORMACIÓN [main] org.apache.catalina.startup.HostConfig.deployDescriptor Deployment of deployment descriptor [C:\Users\edefl\Downloads\GitHub\FixnimartJava\FixnimartJava.AccesoADatos\server\apache-tomcat-9.0.78\conf\Catalina\localhost\FixnimartJava.AppWeb.xml] has finished in [512] ms
01-Aug-2023 18:03:17.993 INFORMACIÓN [main] org.apache.catalina.startup.HostConfig.deployDirectory Desplegando el directorio [C:\Users\edefl\Downloads\GitHub\FixnimartJava\FixnimartJava.AccesoADatos\server\apache-tomcat-9.0.78\webapps\docs] de la aplicación web
01-Aug-2023 18:03:18.025 INFORMACIÓN [main] org.apache.catalina.startup.HostConfig.deployDirectory Deployment of web application directory [C:\Users\edefl\Downloads\GitHub\FixnimartJava\FixnimartJava.AccesoADatos\server\apache-tomcat-9.0.78\webapps\docs] has finished in [32] ms
01-Aug-2023 18:03:18.026 INFORMACIÓN [main] org.apache.catalina.startup.HostConfig.deployDirectory Desplegando el directorio [C:\Users\edefl\Downloads\GitHub\FixnimartJava\FixnimartJava.AccesoADatos\server\apache-tomcat-9.0.78\webapps\examples] de la aplicación web
01-Aug-2023 18:03:18.375 INFORMACIÓN [main] org.apache.catalina.startup.HostConfig.deployDirectory Deployment of web application directory [C:\Users\edefl\Downloads\GitHub\FixnimartJava\FixnimartJava.AccesoADatos\server\apache-tomcat-9.0.78\webapps\examples] has finished in [349] ms
01-Aug-2023 18:03:18.375 INFORMACIÓN [main] org.apache.catalina.startup.HostConfig.deployDirectory Desplegando el directorio [C:\Users\edefl\Downloads\GitHub\FixnimartJava\FixnimartJava.AccesoADatos\server\apache-tomcat-9.0.78\webapps\host-manager] de la aplicación web
01-Aug-2023 18:03:18.413 INFORMACIÓN [main] org.apache.catalina.startup.HostConfig.deployDirectory Deployment of web application directory [C:\Users\edefl\Downloads\GitHub\FixnimartJava\FixnimartJava.AccesoADatos\server\apache-tomcat-9.0.78\webapps\host-manager] has finished in [37] ms
01-Aug-2023 18:03:18.413 INFORMACIÓN [main] org.apache.catalina.startup.HostConfig.deployDirectory Desplegando el directorio [C:\Users\edefl\Downloads\GitHub\FixnimartJava\FixnimartJava.AccesoADatos\server\apache-tomcat-9.0.78\webapps\manager] de la aplicación web
01-Aug-2023 18:03:18.454 INFORMACIÓN [main] org.apache.catalina.startup.HostConfig.deployDirectory Deployment of web application directory [C:\Users\edefl\Downloads\GitHub\FixnimartJava\FixnimartJava.AccesoADatos\server\apache-tomcat-9.0.78\webapps\manager] has finished in [41] ms
01-Aug-2023 18:03:18.454 INFORMACIÓN [main] org.apache.catalina.startup.HostConfig.deployDirectory Desplegando el directorio [C:\Users\edefl\Downloads\GitHub\FixnimartJava\FixnimartJava.AccesoADatos\server\apache-tomcat-9.0.78\webapps\ROOT] de la aplicación web
01-Aug-2023 18:03:18.480 INFORMACIÓN [main] org.apache.catalina.startup.HostConfig.deployDirectory Deployment of web application directory [C:\Users\edefl\Downloads\GitHub\FixnimartJava\FixnimartJava.AccesoADatos\server\apache-tomcat-9.0.78\webapps\ROOT] has finished in [26] ms
01-Aug-2023 18:03:18.484 INFORMACIÓN [main] org.apache.coyote.AbstractProtocol.start Starting ProtocolHandler ["http-nio-8080"]
01-Aug-2023 18:03:18.530 INFORMACIÓN [main] org.apache.catalina.startup.Catalina.start Server startup in [1100] milliseconds
01-Aug-2023 18:03:20.600 INFORMACIÓN [http-nio-8080-exec-9] org.apache.catalina.core.StandardContext.reload Ha comenzado la recarga de Contexto [/FixnimartJava.AppWeb]
01-Aug-2023 18:03:20.834 INFORMACIÓN [http-nio-8080-exec-9] org.apache.jasper.servlet.TldScanner.scanJars Al menos un JAR, que se ha explorado buscando TLDs, aún no contenía TLDs. Activar historial de depuración para este historiador para una completa lista de los JARs que fueron explorados y de los que nos se halló TLDs. Saltarse JARs no necesarios durante la exploración puede dar lugar a una mejora de tiempo significativa en el arranque y compilación de JSP .
01-Aug-2023 18:03:20.838 INFORMACIÓN [http-nio-8080-exec-9] org.apache.catalina.core.StandardContext.reload Se ha completado la recarga de este Contexto
01-Aug-2023 18:03:23.144 INFORMACIÓN [http-nio-8080-exec-6] org.apache.catalina.core.StandardContext.reload Ha comenzado la recarga de Contexto [/FixnimartJava.AppWeb]
01-Aug-2023 18:03:23.326 INFORMACIÓN [http-nio-8080-exec-6] org.apache.jasper.servlet.TldScanner.scanJars Al menos un JAR, que se ha explorado buscando TLDs, aún no contenía TLDs. Activar historial de depuración para este historiador para una completa lista de los JARs que fueron explorados y de los que nos se halló TLDs. Saltarse JARs no necesarios durante la exploración puede dar lugar a una mejora de tiempo significativa en el arranque y compilación de JSP .
01-Aug-2023 18:03:23.331 INFORMACIÓN [http-nio-8080-exec-6] org.apache.catalina.core.StandardContext.reload Se ha completado la recarga de este Contexto
01-Aug-2023 18:04:24.940 INFORMACIÓN [http-nio-8080-exec-12] org.apache.catalina.core.StandardContext.reload Ha comenzado la recarga de Contexto [/FixnimartJava.AppWeb]
01-Aug-2023 18:04:24.942 ADVERTENCIA [http-nio-8080-exec-12] org.apache.catalina.loader.WebappClassLoaderBase.clearReferencesJdbc La aplicación web [FixnimartJava.AppWeb] registró el conductor JDBC [com.microsoft.sqlserver.jdbc.SQLServerDriver] pero falló al anular el registro mientras la aplicación web estaba parada. Para prevenir un fallo de memoria, se ha anulado el registro del conductor JDBC por la fuerza.
01-Aug-2023 18:04:24.942 ADVERTENCIA [http-nio-8080-exec-12] org.apache.catalina.loader.WebappClassLoaderBase.clearReferencesJdbc La aplicación web [FixnimartJava.AppWeb] registró el conductor JDBC [com.microsoft.sqlserver.jdbc.SQLServerDriver] pero falló al anular el registro mientras la aplicación web estaba parada. Para prevenir un fallo de memoria, se ha anulado el registro del conductor JDBC por la fuerza.
01-Aug-2023 18:04:25.091 INFORMACIÓN [http-nio-8080-exec-12] org.apache.jasper.servlet.TldScanner.scanJars Al menos un JAR, que se ha explorado buscando TLDs, aún no contenía TLDs. Activar historial de depuración para este historiador para una completa lista de los JARs que fueron explorados y de los que nos se halló TLDs. Saltarse JARs no necesarios durante la exploración puede dar lugar a una mejora de tiempo significativa en el arranque y compilación de JSP .
01-Aug-2023 18:04:25.094 INFORMACIÓN [http-nio-8080-exec-12] org.apache.catalina.core.StandardContext.reload Se ha completado la recarga de este Contexto
01-Aug-2023 18:24:36.357 INFORMACIÓN [main] org.apache.catalina.core.StandardServer.await Se ha recibido un comando de apagado a través del puerto de apagado. Parando la instancia del Servidor.
01-Aug-2023 18:24:36.358 INFORMACIÓN [main] org.apache.coyote.AbstractProtocol.pause Pausing ProtocolHandler ["http-nio-8080"]
01-Aug-2023 18:24:36.362 INFORMACIÓN [main] org.apache.catalina.core.StandardService.stopInternal Parando servicio [Catalina]
01-Aug-2023 18:24:36.386 ADVERTENCIA [main] org.apache.catalina.loader.WebappClassLoaderBase.clearReferencesJdbc La aplicación web [FixnimartJava.AppWeb] registró el conductor JDBC [com.microsoft.sqlserver.jdbc.SQLServerDriver] pero falló al anular el registro mientras la aplicación web estaba parada. Para prevenir un fallo de memoria, se ha anulado el registro del conductor JDBC por la fuerza.
01-Aug-2023 18:24:36.386 ADVERTENCIA [main] org.apache.catalina.loader.WebappClassLoaderBase.clearReferencesJdbc La aplicación web [FixnimartJava.AppWeb] registró el conductor JDBC [com.microsoft.sqlserver.jdbc.SQLServerDriver] pero falló al anular el registro mientras la aplicación web estaba parada. Para prevenir un fallo de memoria, se ha anulado el registro del conductor JDBC por la fuerza.
01-Aug-2023 18:24:36.386 ADVERTENCIA [main] org.apache.catalina.loader.WebappClassLoaderBase.clearReferencesJdbc La aplicación web [FixnimartJava.AppWeb] registró el conductor JDBC [com.microsoft.sqlserver.jdbc.SQLServerDriver] pero falló al anular el registro mientras la aplicación web estaba parada. Para prevenir un fallo de memoria, se ha anulado el registro del conductor JDBC por la fuerza.
01-Aug-2023 18:24:36.386 ADVERTENCIA [main] org.apache.catalina.loader.WebappClassLoaderBase.clearReferencesJdbc La aplicación web [FixnimartJava.AppWeb] registró el conductor JDBC [com.microsoft.sqlserver.jdbc.SQLServerDriver] pero falló al anular el registro mientras la aplicación web estaba parada. Para prevenir un fallo de memoria, se ha anulado el registro del conductor JDBC por la fuerza.
01-Aug-2023 18:24:36.386 ADVERTENCIA [main] org.apache.catalina.loader.WebappClassLoaderBase.clearReferencesJdbc La aplicación web [FixnimartJava.AppWeb] registró el conductor JDBC [com.microsoft.sqlserver.jdbc.SQLServerDriver] pero falló al anular el registro mientras la aplicación web estaba parada. Para prevenir un fallo de memoria, se ha anulado el registro del conductor JDBC por la fuerza.
01-Aug-2023 18:24:36.386 ADVERTENCIA [main] org.apache.catalina.loader.WebappClassLoaderBase.clearReferencesJdbc La aplicación web [FixnimartJava.AppWeb] registró el conductor JDBC [com.microsoft.sqlserver.jdbc.SQLServerDriver] pero falló al anular el registro mientras la aplicación web estaba parada. Para prevenir un fallo de memoria, se ha anulado el registro del conductor JDBC por la fuerza.
01-Aug-2023 18:24:36.386 ADVERTENCIA [main] org.apache.catalina.loader.WebappClassLoaderBase.clearReferencesJdbc La aplicación web [FixnimartJava.AppWeb] registró el conductor JDBC [com.microsoft.sqlserver.jdbc.SQLServerDriver] pero falló al anular el registro mientras la aplicación web estaba parada. Para prevenir un fallo de memoria, se ha anulado el registro del conductor JDBC por la fuerza.
01-Aug-2023 18:24:36.386 ADVERTENCIA [main] org.apache.catalina.loader.WebappClassLoaderBase.clearReferencesJdbc La aplicación web [FixnimartJava.AppWeb] registró el conductor JDBC [com.microsoft.sqlserver.jdbc.SQLServerDriver] pero falló al anular el registro mientras la aplicación web estaba parada. Para prevenir un fallo de memoria, se ha anulado el registro del conductor JDBC por la fuerza.
01-Aug-2023 18:24:36.386 ADVERTENCIA [main] org.apache.catalina.loader.WebappClassLoaderBase.clearReferencesJdbc La aplicación web [FixnimartJava.AppWeb] registró el conductor JDBC [com.microsoft.sqlserver.jdbc.SQLServerDriver] pero falló al anular el registro mientras la aplicación web estaba parada. Para prevenir un fallo de memoria, se ha anulado el registro del conductor JDBC por la fuerza.
01-Aug-2023 18:24:36.386 ADVERTENCIA [main] org.apache.catalina.loader.WebappClassLoaderBase.clearReferencesJdbc La aplicación web [FixnimartJava.AppWeb] registró el conductor JDBC [com.microsoft.sqlserver.jdbc.SQLServerDriver] pero falló al anular el registro mientras la aplicación web estaba parada. Para prevenir un fallo de memoria, se ha anulado el registro del conductor JDBC por la fuerza.
01-Aug-2023 18:24:36.525 ADVERTENCIA [main] org.apache.catalina.loader.WebappClassLoaderBase.clearReferencesJdbc La aplicación web [FixnimartJava.AppWeb] registró el conductor JDBC [com.microsoft.sqlserver.jdbc.SQLServerDriver] pero falló al anular el registro mientras la aplicación web estaba parada. Para prevenir un fallo de memoria, se ha anulado el registro del conductor JDBC por la fuerza.
01-Aug-2023 18:24:36.525 ADVERTENCIA [main] org.apache.catalina.loader.WebappClassLoaderBase.clearReferencesJdbc La aplicación web [FixnimartJava.AppWeb] registró el conductor JDBC [com.microsoft.sqlserver.jdbc.SQLServerDriver] pero falló al anular el registro mientras la aplicación web estaba parada. Para prevenir un fallo de memoria, se ha anulado el registro del conductor JDBC por la fuerza.
01-Aug-2023 18:24:36.525 ADVERTENCIA [main] org.apache.catalina.loader.WebappClassLoaderBase.clearReferencesJdbc La aplicación web [FixnimartJava.AppWeb] registró el conductor JDBC [com.microsoft.sqlserver.jdbc.SQLServerDriver] pero falló al anular el registro mientras la aplicación web estaba parada. Para prevenir un fallo de memoria, se ha anulado el registro del conductor JDBC por la fuerza.
01-Aug-2023 18:24:36.525 ADVERTENCIA [main] org.apache.catalina.loader.WebappClassLoaderBase.clearReferencesJdbc La aplicación web [FixnimartJava.AppWeb] registró el conductor JDBC [com.microsoft.sqlserver.jdbc.SQLServerDriver] pero falló al anular el registro mientras la aplicación web estaba parada. Para prevenir un fallo de memoria, se ha anulado el registro del conductor JDBC por la fuerza.
01-Aug-2023 18:24:36.525 ADVERTENCIA [main] org.apache.catalina.loader.WebappClassLoaderBase.clearReferencesJdbc La aplicación web [FixnimartJava.AppWeb] registró el conductor JDBC [com.microsoft.sqlserver.jdbc.SQLServerDriver] pero falló al anular el registro mientras la aplicación web estaba parada. Para prevenir un fallo de memoria, se ha anulado el registro del conductor JDBC por la fuerza.
01-Aug-2023 18:24:36.525 ADVERTENCIA [main] org.apache.catalina.loader.WebappClassLoaderBase.clearReferencesJdbc La aplicación web [FixnimartJava.AppWeb] registró el conductor JDBC [com.microsoft.sqlserver.jdbc.SQLServerDriver] pero falló al anular el registro mientras la aplicación web estaba parada. Para prevenir un fallo de memoria, se ha anulado el registro del conductor JDBC por la fuerza.
01-Aug-2023 18:24:36.525 ADVERTENCIA [main] org.apache.catalina.loader.WebappClassLoaderBase.clearReferencesJdbc La aplicación web [FixnimartJava.AppWeb] registró el conductor JDBC [com.microsoft.sqlserver.jdbc.SQLServerDriver] pero falló al anular el registro mientras la aplicación web estaba parada. Para prevenir un fallo de memoria, se ha anulado el registro del conductor JDBC por la fuerza.
01-Aug-2023 18:24:36.525 ADVERTENCIA [main] org.apache.catalina.loader.WebappClassLoaderBase.clearReferencesJdbc La aplicación web [FixnimartJava.AppWeb] registró el conductor JDBC [com.microsoft.sqlserver.jdbc.SQLServerDriver] pero falló al anular el registro mientras la aplicación web estaba parada. Para prevenir un fallo de memoria, se ha anulado el registro del conductor JDBC por la fuerza.
01-Aug-2023 18:24:36.525 ADVERTENCIA [main] org.apache.catalina.loader.WebappClassLoaderBase.clearReferencesJdbc La aplicación web [FixnimartJava.AppWeb] registró el conductor JDBC [com.microsoft.sqlserver.jdbc.SQLServerDriver] pero falló al anular el registro mientras la aplicación web estaba parada. Para prevenir un fallo de memoria, se ha anulado el registro del conductor JDBC por la fuerza.
01-Aug-2023 18:24:36.525 ADVERTENCIA [main] org.apache.catalina.loader.WebappClassLoaderBase.clearReferencesJdbc La aplicación web [FixnimartJava.AppWeb] registró el conductor JDBC [com.microsoft.sqlserver.jdbc.SQLServerDriver] pero falló al anular el registro mientras la aplicación web estaba parada. Para prevenir un fallo de memoria, se ha anulado el registro del conductor JDBC por la fuerza.
01-Aug-2023 18:24:36.525 ADVERTENCIA [main] org.apache.catalina.loader.WebappClassLoaderBase.clearReferencesJdbc La aplicación web [FixnimartJava.AppWeb] registró el conductor JDBC [com.microsoft.sqlserver.jdbc.SQLServerDriver] pero falló al anular el registro mientras la aplicación web estaba parada. Para prevenir un fallo de memoria, se ha anulado el registro del conductor JDBC por la fuerza.
01-Aug-2023 18:24:36.583 INFORMACIÓN [main] org.apache.coyote.AbstractProtocol.stop Stopping ProtocolHandler ["http-nio-8080"]
01-Aug-2023 18:24:36.589 INFORMACIÓN [main] org.apache.coyote.AbstractProtocol.destroy Destroying ProtocolHandler ["http-nio-8080"]
01-Aug-2023 21:19:05.493 INFORMACIÓN [main] org.apache.catalina.startup.VersionLoggerListener.log Nombre de la versión del servidor: Apache Tomcat/9.0.78
01-Aug-2023 21:19:05.496 INFORMACIÓN [main] org.apache.catalina.startup.VersionLoggerListener.log Server built:                      Jul 4 2023 13:15:43 UTC
01-Aug-2023 21:19:05.496 INFORMACIÓN [main] org.apache.catalina.startup.VersionLoggerListener.log Número de versión de servidor:     9.0.78.0
01-Aug-2023 21:19:05.496 INFORMACIÓN [main] org.apache.catalina.startup.VersionLoggerListener.log OS Name:                           Windows 11
01-Aug-2023 21:19:05.496 INFORMACIÓN [main] org.apache.catalina.startup.VersionLoggerListener.log Versión de Systema Operativo:      10.0
01-Aug-2023 21:19:05.496 INFORMACIÓN [main] org.apache.catalina.startup.VersionLoggerListener.log Arquitectura:                      amd64
01-Aug-2023 21:19:05.497 INFORMACIÓN [main] org.apache.catalina.startup.VersionLoggerListener.log Java Home:                         D:\Program Files\BellSoft\LibericaJDK-17
01-Aug-2023 21:19:05.497 INFORMACIÓN [main] org.apache.catalina.startup.VersionLoggerListener.log JVM Version:                       17.0.7+7-LTS
01-Aug-2023 21:19:05.497 INFORMACIÓN [main] org.apache.catalina.startup.VersionLoggerListener.log Vededor JVM:                       BellSoft
01-Aug-2023 21:19:05.497 INFORMACIÓN [main] org.apache.catalina.startup.VersionLoggerListener.log CATALINA_BASE:                     C:\Users\edefl\Downloads\GitHub\FixnimartJava\FixnimartJava.AccesoADatos\server\apache-tomcat-9.0.78
01-Aug-2023 21:19:05.497 INFORMACIÓN [main] org.apache.catalina.startup.VersionLoggerListener.log CATALINA_HOME:                     C:\Users\edefl\Downloads\GitHub\FixnimartJava\FixnimartJava.AccesoADatos\server\apache-tomcat-9.0.78
01-Aug-2023 21:19:05.506 INFORMACIÓN [main] org.apache.catalina.startup.VersionLoggerListener.log Command line argument:             --add-opens=java.base/java.lang=ALL-UNNAMED
01-Aug-2023 21:19:05.506 INFORMACIÓN [main] org.apache.catalina.startup.VersionLoggerListener.log Command line argument:             --add-opens=java.base/java.io=ALL-UNNAMED
01-Aug-2023 21:19:05.506 INFORMACIÓN [main] org.apache.catalina.startup.VersionLoggerListener.log Command line argument:             --add-opens=java.base/java.util=ALL-UNNAMED
01-Aug-2023 21:19:05.506 INFORMACIÓN [main] org.apache.catalina.startup.VersionLoggerListener.log Command line argument:             --add-opens=java.base/java.util.concurrent=ALL-UNNAMED
01-Aug-2023 21:19:05.506 INFORMACIÓN [main] org.apache.catalina.startup.VersionLoggerListener.log Command line argument:             --add-opens=java.rmi/sun.rmi.transport=ALL-UNNAMED
01-Aug-2023 21:19:05.506 INFORMACIÓN [main] org.apache.catalina.startup.VersionLoggerListener.log Command line argument:             -Djava.util.logging.config.file=C:\Users\edefl\Downloads\GitHub\FixnimartJava\FixnimartJava.AccesoADatos\server\apache-tomcat-9.0.78\conf\logging.properties
01-Aug-2023 21:19:05.506 INFORMACIÓN [main] org.apache.catalina.startup.VersionLoggerListener.log Command line argument:             -Djava.util.logging.manager=org.apache.juli.ClassLoaderLogManager
01-Aug-2023 21:19:05.506 INFORMACIÓN [main] org.apache.catalina.startup.VersionLoggerListener.log Command line argument:             -Djdk.tls.ephemeralDHKeySize=2048
01-Aug-2023 21:19:05.506 INFORMACIÓN [main] org.apache.catalina.startup.VersionLoggerListener.log Command line argument:             -Djava.protocol.handler.pkgs=org.apache.catalina.webresources
01-Aug-2023 21:19:05.506 INFORMACIÓN [main] org.apache.catalina.startup.VersionLoggerListener.log Command line argument:             -Dignore.endorsed.dirs=
01-Aug-2023 21:19:05.506 INFORMACIÓN [main] org.apache.catalina.startup.VersionLoggerListener.log Command line argument:             -Dcatalina.base=C:\Users\edefl\Downloads\GitHub\FixnimartJava\FixnimartJava.AccesoADatos\server\apache-tomcat-9.0.78
01-Aug-2023 21:19:05.506 INFORMACIÓN [main] org.apache.catalina.startup.VersionLoggerListener.log Command line argument:             -Dcatalina.home=C:\Users\edefl\Downloads\GitHub\FixnimartJava\FixnimartJava.AccesoADatos\server\apache-tomcat-9.0.78
01-Aug-2023 21:19:05.570 INFORMACIÓN [main] org.apache.catalina.startup.VersionLoggerListener.log Command line argument:             -Djava.io.tmpdir=C:\Users\edefl\Downloads\GitHub\FixnimartJava\FixnimartJava.AccesoADatos\server\apache-tomcat-9.0.78\temp
01-Aug-2023 21:19:05.575 INFORMACIÓN [main] org.apache.catalina.core.AprLifecycleListener.lifecycleEvent Cargada la biblioteca nativa APR de Apache Tomcat [1.2.37] con la versión APR [1.7.4].
01-Aug-2023 21:19:05.575 INFORMACIÓN [main] org.apache.catalina.core.AprLifecycleListener.lifecycleEvent Capacidades APR: IPv6 [true], enviar fichero [true], aceptar filtros [false], aleatorio [true], UDS [true].
01-Aug-2023 21:19:05.575 INFORMACIÓN [main] org.apache.catalina.core.AprLifecycleListener.lifecycleEvent APR/OpenSSL configuration: useAprConnector [false], useOpenSSL [true]
01-Aug-2023 21:19:05.581 INFORMACIÓN [main] org.apache.catalina.core.AprLifecycleListener.initializeSSL OpenSSL inicializado correctamente [OpenSSL 1.1.1u  30 May 2023]
01-Aug-2023 21:19:05.855 INFORMACIÓN [main] org.apache.coyote.AbstractProtocol.init Inicializando el manejador de protocolo ["http-nio-8080"]

01-Aug-2023 21:19:05.885 INFORMACIÓN [main] org.apache.catalina.startup.Catalina.load Server initialization in [601] milliseconds
01-Aug-2023 21:19:05.960 INFORMACIÓN [main] org.apache.catalina.core.StandardService.startInternal Arrancando servicio [Catalina]
01-Aug-2023 21:19:05.961 INFORMACIÓN [main] org.apache.catalina.core.StandardEngine.startInternal Starting Servlet engine: [Apache Tomcat/9.0.78]
01-Aug-2023 21:19:05.973 INFORMACIÓN [main] org.apache.catalina.startup.HostConfig.deployDescriptor Desplieque del descriptor de configuración [C:\Users\edefl\Downloads\GitHub\FixnimartJava\FixnimartJava.AccesoADatos\server\apache-tomcat-9.0.78\conf\Catalina\localhost\FixnimartJava.AppWeb.xml]
01-Aug-2023 21:19:05.997 ADVERTENCIA [main] org.apache.catalina.startup.HostConfig.deployDescriptor The path attribute with value [/FixnimartJava.AppWeb] in deployment descriptor [C:\Users\edefl\Downloads\GitHub\FixnimartJava\FixnimartJava.AccesoADatos\server\apache-tomcat-9.0.78\conf\Catalina\localhost\FixnimartJava.AppWeb.xml] has been ignored
01-Aug-2023 21:19:06.533 INFORMACIÓN [main] org.apache.jasper.servlet.TldScanner.scanJars Al menos un JAR, que se ha explorado buscando TLDs, aún no contenía TLDs. Activar historial de depuración para este historiador para una completa lista de los JARs que fueron explorados y de los que nos se halló TLDs. Saltarse JARs no necesarios durante la exploración puede dar lugar a una mejora de tiempo significativa en el arranque y compilación de JSP .
01-Aug-2023 21:19:06.609 INFORMACIÓN [main] org.apache.catalina.startup.HostConfig.deployDescriptor Deployment of deployment descriptor [C:\Users\edefl\Downloads\GitHub\FixnimartJava\FixnimartJava.AccesoADatos\server\apache-tomcat-9.0.78\conf\Catalina\localhost\FixnimartJava.AppWeb.xml] has finished in [635] ms
01-Aug-2023 21:19:06.610 INFORMACIÓN [main] org.apache.catalina.startup.HostConfig.deployDirectory Desplegando el directorio [C:\Users\edefl\Downloads\GitHub\FixnimartJava\FixnimartJava.AccesoADatos\server\apache-tomcat-9.0.78\webapps\docs] de la aplicación web
01-Aug-2023 21:19:06.642 INFORMACIÓN [main] org.apache.catalina.startup.HostConfig.deployDirectory Deployment of web application directory [C:\Users\edefl\Downloads\GitHub\FixnimartJava\FixnimartJava.AccesoADatos\server\apache-tomcat-9.0.78\webapps\docs] has finished in [32] ms
01-Aug-2023 21:19:06.643 INFORMACIÓN [main] org.apache.catalina.startup.HostConfig.deployDirectory Desplegando el directorio [C:\Users\edefl\Downloads\GitHub\FixnimartJava\FixnimartJava.AccesoADatos\server\apache-tomcat-9.0.78\webapps\examples] de la aplicación web
01-Aug-2023 21:19:07.035 INFORMACIÓN [main] org.apache.catalina.startup.HostConfig.deployDirectory Deployment of web application directory [C:\Users\edefl\Downloads\GitHub\FixnimartJava\FixnimartJava.AccesoADatos\server\apache-tomcat-9.0.78\webapps\examples] has finished in [393] ms
01-Aug-2023 21:19:07.036 INFORMACIÓN [main] org.apache.catalina.startup.HostConfig.deployDirectory Desplegando el directorio [C:\Users\edefl\Downloads\GitHub\FixnimartJava\FixnimartJava.AccesoADatos\server\apache-tomcat-9.0.78\webapps\host-manager] de la aplicación web
01-Aug-2023 21:19:07.081 INFORMACIÓN [main] org.apache.catalina.startup.HostConfig.deployDirectory Deployment of web application directory [C:\Users\edefl\Downloads\GitHub\FixnimartJava\FixnimartJava.AccesoADatos\server\apache-tomcat-9.0.78\webapps\host-manager] has finished in [45] ms
01-Aug-2023 21:19:07.081 INFORMACIÓN [main] org.apache.catalina.startup.HostConfig.deployDirectory Desplegando el directorio [C:\Users\edefl\Downloads\GitHub\FixnimartJava\FixnimartJava.AccesoADatos\server\apache-tomcat-9.0.78\webapps\manager] de la aplicación web
01-Aug-2023 21:19:07.129 INFORMACIÓN [main] org.apache.catalina.startup.HostConfig.deployDirectory Deployment of web application directory [C:\Users\edefl\Downloads\GitHub\FixnimartJava\FixnimartJava.AccesoADatos\server\apache-tomcat-9.0.78\webapps\manager] has finished in [48] ms
01-Aug-2023 21:19:07.130 INFORMACIÓN [main] org.apache.catalina.startup.HostConfig.deployDirectory Desplegando el directorio [C:\Users\edefl\Downloads\GitHub\FixnimartJava\FixnimartJava.AccesoADatos\server\apache-tomcat-9.0.78\webapps\ROOT] de la aplicación web
01-Aug-2023 21:19:07.159 INFORMACIÓN [main] org.apache.catalina.startup.HostConfig.deployDirectory Deployment of web application directory [C:\Users\edefl\Downloads\GitHub\FixnimartJava\FixnimartJava.AccesoADatos\server\apache-tomcat-9.0.78\webapps\ROOT] has finished in [29] ms
01-Aug-2023 21:19:07.162 INFORMACIÓN [main] org.apache.coyote.AbstractProtocol.start Starting ProtocolHandler ["http-nio-8080"]
01-Aug-2023 21:19:07.250 INFORMACIÓN [main] org.apache.catalina.startup.Catalina.start Server startup in [1364] milliseconds
01-Aug-2023 21:19:08.714 INFORMACIÓN [http-nio-8080-exec-8] org.apache.catalina.core.StandardContext.reload Ha comenzado la recarga de Contexto [/FixnimartJava.AppWeb]
01-Aug-2023 21:19:08.935 INFORMACIÓN [http-nio-8080-exec-8] org.apache.jasper.servlet.TldScanner.scanJars Al menos un JAR, que se ha explorado buscando TLDs, aún no contenía TLDs. Activar historial de depuración para este historiador para una completa lista de los JARs que fueron explorados y de los que nos se halló TLDs. Saltarse JARs no necesarios durante la exploración puede dar lugar a una mejora de tiempo significativa en el arranque y compilación de JSP .
01-Aug-2023 21:19:08.939 INFORMACIÓN [http-nio-8080-exec-8] org.apache.catalina.core.StandardContext.reload Se ha completado la recarga de este Contexto
01-Aug-2023 21:19:20.555 INFORMACIÓN [http-nio-8080-exec-12] org.apache.catalina.core.StandardContext.reload Ha comenzado la recarga de Contexto [/FixnimartJava.AppWeb]
01-Aug-2023 21:19:20.728 INFORMACIÓN [http-nio-8080-exec-12] org.apache.jasper.servlet.TldScanner.scanJars Al menos un JAR, que se ha explorado buscando TLDs, aún no contenía TLDs. Activar historial de depuración para este historiador para una completa lista de los JARs que fueron explorados y de los que nos se halló TLDs. Saltarse JARs no necesarios durante la exploración puede dar lugar a una mejora de tiempo significativa en el arranque y compilación de JSP .
01-Aug-2023 21:19:20.732 INFORMACIÓN [http-nio-8080-exec-12] org.apache.catalina.core.StandardContext.reload Se ha completado la recarga de este Contexto
01-Aug-2023 21:19:24.211 INFORMACIÓN [http-nio-8080-exec-15] org.apache.catalina.core.StandardContext.reload Ha comenzado la recarga de Contexto [/FixnimartJava.AppWeb]
01-Aug-2023 21:19:24.373 INFORMACIÓN [http-nio-8080-exec-15] org.apache.jasper.servlet.TldScanner.scanJars Al menos un JAR, que se ha explorado buscando TLDs, aún no contenía TLDs. Activar historial de depuración para este historiador para una completa lista de los JARs que fueron explorados y de los que nos se halló TLDs. Saltarse JARs no necesarios durante la exploración puede dar lugar a una mejora de tiempo significativa en el arranque y compilación de JSP .
01-Aug-2023 21:19:24.376 INFORMACIÓN [http-nio-8080-exec-15] org.apache.catalina.core.StandardContext.reload Se ha completado la recarga de este Contexto
01-Aug-2023 21:20:51.021 ADVERTENCIA [http-nio-8080-exec-19] org.apache.catalina.loader.WebappClassLoaderBase.clearReferencesJdbc La aplicación web [FixnimartJava.AppWeb] registró el conductor JDBC [com.microsoft.sqlserver.jdbc.SQLServerDriver] pero falló al anular el registro mientras la aplicación web estaba parada. Para prevenir un fallo de memoria, se ha anulado el registro del conductor JDBC por la fuerza.
01-Aug-2023 21:20:51.022 ADVERTENCIA [http-nio-8080-exec-19] org.apache.catalina.loader.WebappClassLoaderBase.clearReferencesJdbc La aplicación web [FixnimartJava.AppWeb] registró el conductor JDBC [com.microsoft.sqlserver.jdbc.SQLServerDriver] pero falló al anular el registro mientras la aplicación web estaba parada. Para prevenir un fallo de memoria, se ha anulado el registro del conductor JDBC por la fuerza.
01-Aug-2023 21:20:51.535 INFORMACIÓN [http-nio-8080-exec-19] org.apache.catalina.startup.HostConfig.undeploy Repliegue (undeploy) de la aplicación web que tiene como trayectoria de contexto [/FixnimartJava.AppWeb]
01-Aug-2023 21:20:51.552 INFORMACIÓN [http-nio-8080-exec-18] org.apache.catalina.startup.HostConfig.deployDescriptor Desplieque del descriptor de configuración [C:\Users\edefl\Downloads\GitHub\FixnimartJava\FixnimartJava.AccesoADatos\server\apache-tomcat-9.0.78\conf\Catalina\localhost\FixnimartJava.AppWeb.xml]
01-Aug-2023 21:20:51.553 ADVERTENCIA [http-nio-8080-exec-18] org.apache.catalina.startup.HostConfig.deployDescriptor The path attribute with value [/FixnimartJava.AppWeb/Views/Home] in deployment descriptor [C:\Users\edefl\Downloads\GitHub\FixnimartJava\FixnimartJava.AccesoADatos\server\apache-tomcat-9.0.78\conf\Catalina\localhost\FixnimartJava.AppWeb.xml] has been ignored
01-Aug-2023 21:20:51.724 INFORMACIÓN [http-nio-8080-exec-18] org.apache.jasper.servlet.TldScanner.scanJars Al menos un JAR, que se ha explorado buscando TLDs, aún no contenía TLDs. Activar historial de depuración para este historiador para una completa lista de los JARs que fueron explorados y de los que nos se halló TLDs. Saltarse JARs no necesarios durante la exploración puede dar lugar a una mejora de tiempo significativa en el arranque y compilación de JSP .
01-Aug-2023 21:20:51.727 INFORMACIÓN [http-nio-8080-exec-18] org.apache.catalina.startup.HostConfig.deployDescriptor Deployment of deployment descriptor [C:\Users\edefl\Downloads\GitHub\FixnimartJava\FixnimartJava.AccesoADatos\server\apache-tomcat-9.0.78\conf\Catalina\localhost\FixnimartJava.AppWeb.xml] has finished in [175] ms
01-Aug-2023 21:20:52.233 INFORMACIÓN [http-nio-8080-exec-17] org.apache.catalina.startup.HostConfig.undeploy Repliegue (undeploy) de la aplicación web que tiene como trayectoria de contexto [/FixnimartJava.AppWeb]
01-Aug-2023 21:20:52.252 INFORMACIÓN [http-nio-8080-exec-10] org.apache.catalina.startup.HostConfig.deployDescriptor Desplieque del descriptor de configuración [C:\Users\edefl\Downloads\GitHub\FixnimartJava\FixnimartJava.AccesoADatos\server\apache-tomcat-9.0.78\conf\Catalina\localhost\FixnimartJava.AppWeb#Views#Home.xml]
01-Aug-2023 21:20:52.253 ADVERTENCIA [http-nio-8080-exec-10] org.apache.catalina.startup.HostConfig.deployDescriptor The path attribute with value [/FixnimartJava.AppWeb/Views/Home] in deployment descriptor [C:\Users\edefl\Downloads\GitHub\FixnimartJava\FixnimartJava.AccesoADatos\server\apache-tomcat-9.0.78\conf\Catalina\localhost\FixnimartJava.AppWeb#Views#Home.xml] has been ignored
01-Aug-2023 21:20:52.413 INFORMACIÓN [http-nio-8080-exec-10] org.apache.jasper.servlet.TldScanner.scanJars Al menos un JAR, que se ha explorado buscando TLDs, aún no contenía TLDs. Activar historial de depuración para este historiador para una completa lista de los JARs que fueron explorados y de los que nos se halló TLDs. Saltarse JARs no necesarios durante la exploración puede dar lugar a una mejora de tiempo significativa en el arranque y compilación de JSP .
01-Aug-2023 21:20:52.415 INFORMACIÓN [http-nio-8080-exec-10] org.apache.catalina.startup.HostConfig.deployDescriptor Deployment of deployment descriptor [C:\Users\edefl\Downloads\GitHub\FixnimartJava\FixnimartJava.AccesoADatos\server\apache-tomcat-9.0.78\conf\Catalina\localhost\FixnimartJava.AppWeb#Views#Home.xml] has finished in [163] ms
01-Aug-2023 21:20:52.418 INFORMACIÓN [http-nio-8080-exec-16] org.apache.catalina.util.LifecycleBase.start The start() method was called on component [StandardEngine[Catalina].StandardHost[localhost].StandardContext[/FixnimartJava.AppWeb/Views/Home]] after start() had already been called. The second call will be ignored.
01-Aug-2023 21:21:19.962 ADVERTENCIA [http-nio-8080-exec-19] org.apache.catalina.loader.WebappClassLoaderBase.clearReferencesJdbc La aplicación web [FixnimartJava.AppWeb#Views#Home] registró el conductor JDBC [com.microsoft.sqlserver.jdbc.SQLServerDriver] pero falló al anular el registro mientras la aplicación web estaba parada. Para prevenir un fallo de memoria, se ha anulado el registro del conductor JDBC por la fuerza.
01-Aug-2023 21:21:19.962 ADVERTENCIA [http-nio-8080-exec-19] org.apache.catalina.loader.WebappClassLoaderBase.clearReferencesJdbc La aplicación web [FixnimartJava.AppWeb#Views#Home] registró el conductor JDBC [com.microsoft.sqlserver.jdbc.SQLServerDriver] pero falló al anular el registro mientras la aplicación web estaba parada. Para prevenir un fallo de memoria, se ha anulado el registro del conductor JDBC por la fuerza.
01-Aug-2023 21:21:20.477 INFORMACIÓN [http-nio-8080-exec-19] org.apache.catalina.startup.HostConfig.undeploy Repliegue (undeploy) de la aplicación web que tiene como trayectoria de contexto [/FixnimartJava.AppWeb/Views/Home]
01-Aug-2023 21:21:20.489 INFORMACIÓN [http-nio-8080-exec-23] org.apache.catalina.startup.HostConfig.deployDescriptor Desplieque del descriptor de configuración [C:\Users\edefl\Downloads\GitHub\FixnimartJava\FixnimartJava.AccesoADatos\server\apache-tomcat-9.0.78\conf\Catalina\localhost\FixnimartJava.AppWeb#Views#Home.xml]
01-Aug-2023 21:21:20.490 ADVERTENCIA [http-nio-8080-exec-23] org.apache.catalina.startup.HostConfig.deployDescriptor The path attribute with value [/FixnimartJava.AppWeb/Home] in deployment descriptor [C:\Users\edefl\Downloads\GitHub\FixnimartJava\FixnimartJava.AccesoADatos\server\apache-tomcat-9.0.78\conf\Catalina\localhost\FixnimartJava.AppWeb#Views#Home.xml] has been ignored
01-Aug-2023 21:21:20.643 INFORMACIÓN [http-nio-8080-exec-23] org.apache.jasper.servlet.TldScanner.scanJars Al menos un JAR, que se ha explorado buscando TLDs, aún no contenía TLDs. Activar historial de depuración para este historiador para una completa lista de los JARs que fueron explorados y de los que nos se halló TLDs. Saltarse JARs no necesarios durante la exploración puede dar lugar a una mejora de tiempo significativa en el arranque y compilación de JSP .
01-Aug-2023 21:21:20.646 INFORMACIÓN [http-nio-8080-exec-23] org.apache.catalina.startup.HostConfig.deployDescriptor Deployment of deployment descriptor [C:\Users\edefl\Downloads\GitHub\FixnimartJava\FixnimartJava.AccesoADatos\server\apache-tomcat-9.0.78\conf\Catalina\localhost\FixnimartJava.AppWeb#Views#Home.xml] has finished in [157] ms
01-Aug-2023 21:21:21.156 INFORMACIÓN [http-nio-8080-exec-28] org.apache.catalina.startup.HostConfig.undeploy Repliegue (undeploy) de la aplicación web que tiene como trayectoria de contexto [/FixnimartJava.AppWeb/Views/Home]
01-Aug-2023 21:21:21.175 INFORMACIÓN [http-nio-8080-exec-19] org.apache.catalina.startup.HostConfig.deployDescriptor Desplieque del descriptor de configuración [C:\Users\edefl\Downloads\GitHub\FixnimartJava\FixnimartJava.AccesoADatos\server\apache-tomcat-9.0.78\conf\Catalina\localhost\FixnimartJava.AppWeb#Home.xml]
01-Aug-2023 21:21:21.175 ADVERTENCIA [http-nio-8080-exec-19] org.apache.catalina.startup.HostConfig.deployDescriptor The path attribute with value [/FixnimartJava.AppWeb/Home] in deployment descriptor [C:\Users\edefl\Downloads\GitHub\FixnimartJava\FixnimartJava.AccesoADatos\server\apache-tomcat-9.0.78\conf\Catalina\localhost\FixnimartJava.AppWeb#Home.xml] has been ignored
01-Aug-2023 21:21:21.323 INFORMACIÓN [http-nio-8080-exec-19] org.apache.jasper.servlet.TldScanner.scanJars Al menos un JAR, que se ha explorado buscando TLDs, aún no contenía TLDs. Activar historial de depuración para este historiador para una completa lista de los JARs que fueron explorados y de los que nos se halló TLDs. Saltarse JARs no necesarios durante la exploración puede dar lugar a una mejora de tiempo significativa en el arranque y compilación de JSP .
01-Aug-2023 21:21:21.326 INFORMACIÓN [http-nio-8080-exec-19] org.apache.catalina.startup.HostConfig.deployDescriptor Deployment of deployment descriptor [C:\Users\edefl\Downloads\GitHub\FixnimartJava\FixnimartJava.AccesoADatos\server\apache-tomcat-9.0.78\conf\Catalina\localhost\FixnimartJava.AppWeb#Home.xml] has finished in [150] ms
01-Aug-2023 21:21:21.327 INFORMACIÓN [http-nio-8080-exec-18] org.apache.catalina.util.LifecycleBase.start The start() method was called on component [StandardEngine[Catalina].StandardHost[localhost].StandardContext[/FixnimartJava.AppWeb/Home]] after start() had already been called. The second call will be ignored.
01-Aug-2023 21:23:03.179 INFORMACIÓN [http-nio-8080-exec-35] org.apache.catalina.startup.HostConfig.undeploy Repliegue (undeploy) de la aplicación web que tiene como trayectoria de contexto [/FixnimartJava.AppWeb/Home]
01-Aug-2023 21:23:03.193 INFORMACIÓN [http-nio-8080-exec-33] org.apache.catalina.startup.HostConfig.deployDescriptor Desplieque del descriptor de configuración [C:\Users\edefl\Downloads\GitHub\FixnimartJava\FixnimartJava.AccesoADatos\server\apache-tomcat-9.0.78\conf\Catalina\localhost\FixnimartJava.AppWeb#Home.xml]
01-Aug-2023 21:23:03.194 ADVERTENCIA [http-nio-8080-exec-33] org.apache.catalina.core.StandardContext.setPath Una ruta de contexto debe de ser o una cadena vacía o comenzar con "/". La ruta [/] no cumple con estos criterios y ha sido cambiada por []
01-Aug-2023 21:23:03.194 ADVERTENCIA [http-nio-8080-exec-33] org.apache.catalina.startup.HostConfig.deployDescriptor The path attribute with value [] in deployment descriptor [C:\Users\edefl\Downloads\GitHub\FixnimartJava\FixnimartJava.AccesoADatos\server\apache-tomcat-9.0.78\conf\Catalina\localhost\FixnimartJava.AppWeb#Home.xml] has been ignored
01-Aug-2023 21:23:03.341 INFORMACIÓN [http-nio-8080-exec-33] org.apache.jasper.servlet.TldScanner.scanJars Al menos un JAR, que se ha explorado buscando TLDs, aún no contenía TLDs. Activar historial de depuración para este historiador para una completa lista de los JARs que fueron explorados y de los que nos se halló TLDs. Saltarse JARs no necesarios durante la exploración puede dar lugar a una mejora de tiempo significativa en el arranque y compilación de JSP .
01-Aug-2023 21:23:03.343 INFORMACIÓN [http-nio-8080-exec-33] org.apache.catalina.startup.HostConfig.deployDescriptor Deployment of deployment descriptor [C:\Users\edefl\Downloads\GitHub\FixnimartJava\FixnimartJava.AccesoADatos\server\apache-tomcat-9.0.78\conf\Catalina\localhost\FixnimartJava.AppWeb#Home.xml] has finished in [150] ms
01-Aug-2023 21:23:03.853 INFORMACIÓN [http-nio-8080-exec-32] org.apache.catalina.startup.HostConfig.undeploy Repliegue (undeploy) de la aplicación web que tiene como trayectoria de contexto [/FixnimartJava.AppWeb/Home]
01-Aug-2023 21:23:04.366 INFORMACIÓN [http-nio-8080-exec-35] org.apache.catalina.startup.HostConfig.undeploy Repliegue (undeploy) de la aplicación web que tiene como trayectoria de contexto []
01-Aug-2023 21:23:04.374 INFORMACIÓN [http-nio-8080-exec-39] org.apache.catalina.startup.HostConfig.deployDescriptor Desplieque del descriptor de configuración [C:\Users\edefl\Downloads\GitHub\FixnimartJava\FixnimartJava.AccesoADatos\server\apache-tomcat-9.0.78\conf\Catalina\localhost\ROOT.xml]
01-Aug-2023 21:23:04.375 ADVERTENCIA [http-nio-8080-exec-39] org.apache.catalina.core.StandardContext.setPath Una ruta de contexto debe de ser o una cadena vacía o comenzar con "/". La ruta [/] no cumple con estos criterios y ha sido cambiada por []
01-Aug-2023 21:23:04.375 ADVERTENCIA [http-nio-8080-exec-39] org.apache.catalina.startup.HostConfig.deployDescriptor The path attribute with value [] in deployment descriptor [C:\Users\edefl\Downloads\GitHub\FixnimartJava\FixnimartJava.AccesoADatos\server\apache-tomcat-9.0.78\conf\Catalina\localhost\ROOT.xml] has been ignored
01-Aug-2023 21:23:04.522 INFORMACIÓN [http-nio-8080-exec-39] org.apache.jasper.servlet.TldScanner.scanJars Al menos un JAR, que se ha explorado buscando TLDs, aún no contenía TLDs. Activar historial de depuración para este historiador para una completa lista de los JARs que fueron explorados y de los que nos se halló TLDs. Saltarse JARs no necesarios durante la exploración puede dar lugar a una mejora de tiempo significativa en el arranque y compilación de JSP .
01-Aug-2023 21:23:04.524 INFORMACIÓN [http-nio-8080-exec-39] org.apache.catalina.startup.HostConfig.deployDescriptor Deployment of deployment descriptor [C:\Users\edefl\Downloads\GitHub\FixnimartJava\FixnimartJava.AccesoADatos\server\apache-tomcat-9.0.78\conf\Catalina\localhost\ROOT.xml] has finished in [150] ms
01-Aug-2023 21:23:04.526 INFORMACIÓN [http-nio-8080-exec-34] org.apache.catalina.util.LifecycleBase.start The start() method was called on component [StandardEngine[Catalina].StandardHost[localhost].StandardContext[]] after start() had already been called. The second call will be ignored.
01-Aug-2023 21:23:30.214 INFORMACIÓN [http-nio-8080-exec-34] org.apache.catalina.core.StandardContext.reload Ha comenzado la recarga de Contexto []
01-Aug-2023 21:23:30.387 INFORMACIÓN [http-nio-8080-exec-34] org.apache.jasper.servlet.TldScanner.scanJars Al menos un JAR, que se ha explorado buscando TLDs, aún no contenía TLDs. Activar historial de depuración para este historiador para una completa lista de los JARs que fueron explorados y de los que nos se halló TLDs. Saltarse JARs no necesarios durante la exploración puede dar lugar a una mejora de tiempo significativa en el arranque y compilación de JSP .
01-Aug-2023 21:23:30.395 INFORMACIÓN [http-nio-8080-exec-34] org.apache.catalina.core.StandardContext.reload Se ha completado la recarga de este Contexto
01-Aug-2023 21:23:30.585 INFORMACIÓN [http-nio-8080-exec-39] org.apache.catalina.core.StandardContext.reload Ha comenzado la recarga de Contexto []
01-Aug-2023 21:23:30.725 INFORMACIÓN [http-nio-8080-exec-39] org.apache.jasper.servlet.TldScanner.scanJars Al menos un JAR, que se ha explorado buscando TLDs, aún no contenía TLDs. Activar historial de depuración para este historiador para una completa lista de los JARs que fueron explorados y de los que nos se halló TLDs. Saltarse JARs no necesarios durante la exploración puede dar lugar a una mejora de tiempo significativa en el arranque y compilación de JSP .
01-Aug-2023 21:23:30.730 INFORMACIÓN [http-nio-8080-exec-39] org.apache.catalina.core.StandardContext.reload Se ha completado la recarga de este Contexto
01-Aug-2023 21:24:07.211 INFORMACIÓN [http-nio-8080-exec-31] org.apache.catalina.core.StandardContext.reload Ha comenzado la recarga de Contexto []
01-Aug-2023 21:24:07.373 INFORMACIÓN [http-nio-8080-exec-31] org.apache.jasper.servlet.TldScanner.scanJars Al menos un JAR, que se ha explorado buscando TLDs, aún no contenía TLDs. Activar historial de depuración para este historiador para una completa lista de los JARs que fueron explorados y de los que nos se halló TLDs. Saltarse JARs no necesarios durante la exploración puede dar lugar a una mejora de tiempo significativa en el arranque y compilación de JSP .
01-Aug-2023 21:24:07.376 INFORMACIÓN [http-nio-8080-exec-31] org.apache.catalina.core.StandardContext.reload Se ha completado la recarga de este Contexto
01-Aug-2023 21:24:07.570 INFORMACIÓN [http-nio-8080-exec-44] org.apache.catalina.core.StandardContext.reload Ha comenzado la recarga de Contexto []
01-Aug-2023 21:24:07.742 INFORMACIÓN [http-nio-8080-exec-44] org.apache.jasper.servlet.TldScanner.scanJars Al menos un JAR, que se ha explorado buscando TLDs, aún no contenía TLDs. Activar historial de depuración para este historiador para una completa lista de los JARs que fueron explorados y de los que nos se halló TLDs. Saltarse JARs no necesarios durante la exploración puede dar lugar a una mejora de tiempo significativa en el arranque y compilación de JSP .
01-Aug-2023 21:24:07.745 INFORMACIÓN [http-nio-8080-exec-44] org.apache.catalina.core.StandardContext.reload Se ha completado la recarga de este Contexto
01-Aug-2023 21:24:25.709 INFORMACIÓN [http-nio-8080-exec-39] org.apache.catalina.startup.HostConfig.undeploy Repliegue (undeploy) de la aplicación web que tiene como trayectoria de contexto []
01-Aug-2023 21:24:25.722 INFORMACIÓN [http-nio-8080-exec-50] org.apache.catalina.startup.HostConfig.deployDescriptor Desplieque del descriptor de configuración [C:\Users\edefl\Downloads\GitHub\FixnimartJava\FixnimartJava.AccesoADatos\server\apache-tomcat-9.0.78\conf\Catalina\localhost\ROOT.xml]
01-Aug-2023 21:24:25.723 ADVERTENCIA [http-nio-8080-exec-50] org.apache.catalina.startup.HostConfig.deployDescriptor The path attribute with value [/Product] in deployment descriptor [C:\Users\edefl\Downloads\GitHub\FixnimartJava\FixnimartJava.AccesoADatos\server\apache-tomcat-9.0.78\conf\Catalina\localhost\ROOT.xml] has been ignored
01-Aug-2023 21:24:25.880 INFORMACIÓN [http-nio-8080-exec-50] org.apache.jasper.servlet.TldScanner.scanJars Al menos un JAR, que se ha explorado buscando TLDs, aún no contenía TLDs. Activar historial de depuración para este historiador para una completa lista de los JARs que fueron explorados y de los que nos se halló TLDs. Saltarse JARs no necesarios durante la exploración puede dar lugar a una mejora de tiempo significativa en el arranque y compilación de JSP .
01-Aug-2023 21:24:25.882 INFORMACIÓN [http-nio-8080-exec-50] org.apache.catalina.startup.HostConfig.deployDescriptor Deployment of deployment descriptor [C:\Users\edefl\Downloads\GitHub\FixnimartJava\FixnimartJava.AccesoADatos\server\apache-tomcat-9.0.78\conf\Catalina\localhost\ROOT.xml] has finished in [160] ms
01-Aug-2023 21:24:26.390 INFORMACIÓN [http-nio-8080-exec-43] org.apache.catalina.startup.HostConfig.undeploy Repliegue (undeploy) de la aplicación web que tiene como trayectoria de contexto []
01-Aug-2023 21:24:26.411 INFORMACIÓN [http-nio-8080-exec-50] org.apache.catalina.startup.HostConfig.deployDescriptor Desplieque del descriptor de configuración [C:\Users\edefl\Downloads\GitHub\FixnimartJava\FixnimartJava.AccesoADatos\server\apache-tomcat-9.0.78\conf\Catalina\localhost\Product.xml]
01-Aug-2023 21:24:26.412 ADVERTENCIA [http-nio-8080-exec-50] org.apache.catalina.startup.HostConfig.deployDescriptor The path attribute with value [/Product] in deployment descriptor [C:\Users\edefl\Downloads\GitHub\FixnimartJava\FixnimartJava.AccesoADatos\server\apache-tomcat-9.0.78\conf\Catalina\localhost\Product.xml] has been ignored
01-Aug-2023 21:24:26.548 INFORMACIÓN [http-nio-8080-exec-50] org.apache.jasper.servlet.TldScanner.scanJars Al menos un JAR, que se ha explorado buscando TLDs, aún no contenía TLDs. Activar historial de depuración para este historiador para una completa lista de los JARs que fueron explorados y de los que nos se halló TLDs. Saltarse JARs no necesarios durante la exploración puede dar lugar a una mejora de tiempo significativa en el arranque y compilación de JSP .
01-Aug-2023 21:24:26.550 INFORMACIÓN [http-nio-8080-exec-50] org.apache.catalina.startup.HostConfig.deployDescriptor Deployment of deployment descriptor [C:\Users\edefl\Downloads\GitHub\FixnimartJava\FixnimartJava.AccesoADatos\server\apache-tomcat-9.0.78\conf\Catalina\localhost\Product.xml] has finished in [139] ms
01-Aug-2023 21:24:26.552 INFORMACIÓN [http-nio-8080-exec-44] org.apache.catalina.util.LifecycleBase.start The start() method was called on component [StandardEngine[Catalina].StandardHost[localhost].StandardContext[/Product]] after start() had already been called. The second call will be ignored.
01-Aug-2023 21:24:39.544 ADVERTENCIA [http-nio-8080-exec-39] org.apache.catalina.loader.WebappClassLoaderBase.clearReferencesJdbc La aplicación web [Product] registró el conductor JDBC [com.microsoft.sqlserver.jdbc.SQLServerDriver] pero falló al anular el registro mientras la aplicación web estaba parada. Para prevenir un fallo de memoria, se ha anulado el registro del conductor JDBC por la fuerza.
01-Aug-2023 21:24:39.544 ADVERTENCIA [http-nio-8080-exec-39] org.apache.catalina.loader.WebappClassLoaderBase.clearReferencesJdbc La aplicación web [Product] registró el conductor JDBC [com.microsoft.sqlserver.jdbc.SQLServerDriver] pero falló al anular el registro mientras la aplicación web estaba parada. Para prevenir un fallo de memoria, se ha anulado el registro del conductor JDBC por la fuerza.
01-Aug-2023 21:24:40.052 INFORMACIÓN [http-nio-8080-exec-39] org.apache.catalina.startup.HostConfig.undeploy Repliegue (undeploy) de la aplicación web que tiene como trayectoria de contexto [/Product]
01-Aug-2023 21:24:40.070 INFORMACIÓN [http-nio-8080-exec-44] org.apache.catalina.startup.HostConfig.deployDescriptor Desplieque del descriptor de configuración [C:\Users\edefl\Downloads\GitHub\FixnimartJava\FixnimartJava.AccesoADatos\server\apache-tomcat-9.0.78\conf\Catalina\localhost\ROOT.xml]
01-Aug-2023 21:24:40.071 ADVERTENCIA [http-nio-8080-exec-44] org.apache.catalina.core.StandardContext.setPath Una ruta de contexto debe de ser o una cadena vacía o comenzar con "/". La ruta [/] no cumple con estos criterios y ha sido cambiada por []
01-Aug-2023 21:24:40.071 ADVERTENCIA [http-nio-8080-exec-44] org.apache.catalina.startup.HostConfig.deployDescriptor The path attribute with value [] in deployment descriptor [C:\Users\edefl\Downloads\GitHub\FixnimartJava\FixnimartJava.AccesoADatos\server\apache-tomcat-9.0.78\conf\Catalina\localhost\ROOT.xml] has been ignored
01-Aug-2023 21:24:40.218 INFORMACIÓN [http-nio-8080-exec-44] org.apache.jasper.servlet.TldScanner.scanJars Al menos un JAR, que se ha explorado buscando TLDs, aún no contenía TLDs. Activar historial de depuración para este historiador para una completa lista de los JARs que fueron explorados y de los que nos se halló TLDs. Saltarse JARs no necesarios durante la exploración puede dar lugar a una mejora de tiempo significativa en el arranque y compilación de JSP .
01-Aug-2023 21:24:40.220 INFORMACIÓN [http-nio-8080-exec-44] org.apache.catalina.startup.HostConfig.deployDescriptor Deployment of deployment descriptor [C:\Users\edefl\Downloads\GitHub\FixnimartJava\FixnimartJava.AccesoADatos\server\apache-tomcat-9.0.78\conf\Catalina\localhost\ROOT.xml] has finished in [149] ms
01-Aug-2023 21:24:40.225 INFORMACIÓN [http-nio-8080-exec-51] org.apache.catalina.util.LifecycleBase.start The start() method was called on component [StandardEngine[Catalina].StandardHost[localhost].StandardContext[]] after start() had already been called. The second call will be ignored.
01-Aug-2023 21:24:44.454 INFORMACIÓN [http-nio-8080-exec-54] org.apache.catalina.startup.HostConfig.undeploy Repliegue (undeploy) de la aplicación web que tiene como trayectoria de contexto []
01-Aug-2023 21:24:44.465 INFORMACIÓN [http-nio-8080-exec-39] org.apache.catalina.startup.HostConfig.deployDescriptor Desplieque del descriptor de configuración [C:\Users\edefl\Downloads\GitHub\FixnimartJava\FixnimartJava.AccesoADatos\server\apache-tomcat-9.0.78\conf\Catalina\localhost\ROOT.xml]
01-Aug-2023 21:24:44.466 ADVERTENCIA [http-nio-8080-exec-39] org.apache.catalina.core.StandardContext.setPath Una ruta de contexto debe de ser o una cadena vacía o comenzar con "/". La ruta [/] no cumple con estos criterios y ha sido cambiada por []
01-Aug-2023 21:24:44.466 ADVERTENCIA [http-nio-8080-exec-39] org.apache.catalina.startup.HostConfig.deployDescriptor The path attribute with value [] in deployment descriptor [C:\Users\edefl\Downloads\GitHub\FixnimartJava\FixnimartJava.AccesoADatos\server\apache-tomcat-9.0.78\conf\Catalina\localhost\ROOT.xml] has been ignored
01-Aug-2023 21:24:44.604 INFORMACIÓN [http-nio-8080-exec-39] org.apache.jasper.servlet.TldScanner.scanJars Al menos un JAR, que se ha explorado buscando TLDs, aún no contenía TLDs. Activar historial de depuración para este historiador para una completa lista de los JARs que fueron explorados y de los que nos se halló TLDs. Saltarse JARs no necesarios durante la exploración puede dar lugar a una mejora de tiempo significativa en el arranque y compilación de JSP .
01-Aug-2023 21:24:44.608 INFORMACIÓN [http-nio-8080-exec-39] org.apache.catalina.startup.HostConfig.deployDescriptor Deployment of deployment descriptor [C:\Users\edefl\Downloads\GitHub\FixnimartJava\FixnimartJava.AccesoADatos\server\apache-tomcat-9.0.78\conf\Catalina\localhost\ROOT.xml] has finished in [142] ms
01-Aug-2023 21:24:44.610 INFORMACIÓN [http-nio-8080-exec-55] org.apache.catalina.util.LifecycleBase.start The start() method was called on component [StandardEngine[Catalina].StandardHost[localhost].StandardContext[]] after start() had already been called. The second call will be ignored.
01-Aug-2023 21:36:06.805 INFORMACIÓN [http-nio-8080-exec-61] org.apache.catalina.core.StandardContext.reload Ha comenzado la recarga de Contexto []
01-Aug-2023 21:36:06.807 ADVERTENCIA [http-nio-8080-exec-61] org.apache.catalina.loader.WebappClassLoaderBase.clearReferencesJdbc La aplicación web [ROOT] registró el conductor JDBC [com.microsoft.sqlserver.jdbc.SQLServerDriver] pero falló al anular el registro mientras la aplicación web estaba parada. Para prevenir un fallo de memoria, se ha anulado el registro del conductor JDBC por la fuerza.
01-Aug-2023 21:36:06.807 ADVERTENCIA [http-nio-8080-exec-61] org.apache.catalina.loader.WebappClassLoaderBase.clearReferencesJdbc La aplicación web [ROOT] registró el conductor JDBC [com.microsoft.sqlserver.jdbc.SQLServerDriver] pero falló al anular el registro mientras la aplicación web estaba parada. Para prevenir un fallo de memoria, se ha anulado el registro del conductor JDBC por la fuerza.
01-Aug-2023 21:36:06.807 ADVERTENCIA [http-nio-8080-exec-61] org.apache.catalina.loader.WebappClassLoaderBase.clearReferencesJdbc La aplicación web [ROOT] registró el conductor JDBC [com.microsoft.sqlserver.jdbc.SQLServerDriver] pero falló al anular el registro mientras la aplicación web estaba parada. Para prevenir un fallo de memoria, se ha anulado el registro del conductor JDBC por la fuerza.
01-Aug-2023 21:36:06.807 ADVERTENCIA [http-nio-8080-exec-61] org.apache.catalina.loader.WebappClassLoaderBase.clearReferencesJdbc La aplicación web [ROOT] registró el conductor JDBC [com.microsoft.sqlserver.jdbc.SQLServerDriver] pero falló al anular el registro mientras la aplicación web estaba parada. Para prevenir un fallo de memoria, se ha anulado el registro del conductor JDBC por la fuerza.
01-Aug-2023 21:36:06.957 INFORMACIÓN [http-nio-8080-exec-61] org.apache.jasper.servlet.TldScanner.scanJars Al menos un JAR, que se ha explorado buscando TLDs, aún no contenía TLDs. Activar historial de depuración para este historiador para una completa lista de los JARs que fueron explorados y de los que nos se halló TLDs. Saltarse JARs no necesarios durante la exploración puede dar lugar a una mejora de tiempo significativa en el arranque y compilación de JSP .
01-Aug-2023 21:36:06.961 INFORMACIÓN [http-nio-8080-exec-61] org.apache.catalina.core.StandardContext.reload Se ha completado la recarga de este Contexto
01-Aug-2023 21:36:07.260 INFORMACIÓN [http-nio-8080-exec-64] org.apache.catalina.core.StandardContext.reload Ha comenzado la recarga de Contexto []
01-Aug-2023 21:36:07.402 INFORMACIÓN [http-nio-8080-exec-64] org.apache.jasper.servlet.TldScanner.scanJars Al menos un JAR, que se ha explorado buscando TLDs, aún no contenía TLDs. Activar historial de depuración para este historiador para una completa lista de los JARs que fueron explorados y de los que nos se halló TLDs. Saltarse JARs no necesarios durante la exploración puede dar lugar a una mejora de tiempo significativa en el arranque y compilación de JSP .
01-Aug-2023 21:36:07.404 INFORMACIÓN [http-nio-8080-exec-64] org.apache.catalina.core.StandardContext.reload Se ha completado la recarga de este Contexto
01-Aug-2023 21:36:08.285 INFORMACIÓN [http-nio-8080-exec-60] org.apache.catalina.core.StandardContext.reload Ha comenzado la recarga de Contexto []
01-Aug-2023 21:36:08.424 INFORMACIÓN [http-nio-8080-exec-60] org.apache.jasper.servlet.TldScanner.scanJars Al menos un JAR, que se ha explorado buscando TLDs, aún no contenía TLDs. Activar historial de depuración para este historiador para una completa lista de los JARs que fueron explorados y de los que nos se halló TLDs. Saltarse JARs no necesarios durante la exploración puede dar lugar a una mejora de tiempo significativa en el arranque y compilación de JSP .
01-Aug-2023 21:36:08.427 INFORMACIÓN [http-nio-8080-exec-60] org.apache.catalina.core.StandardContext.reload Se ha completado la recarga de este Contexto
01-Aug-2023 21:50:29.923 INFORMACIÓN [main] org.apache.catalina.core.StandardServer.await Se ha recibido un comando de apagado a través del puerto de apagado. Parando la instancia del Servidor.
01-Aug-2023 21:50:29.923 INFORMACIÓN [main] org.apache.coyote.AbstractProtocol.pause Pausing ProtocolHandler ["http-nio-8080"]
01-Aug-2023 21:50:29.928 INFORMACIÓN [main] org.apache.catalina.core.StandardService.stopInternal Parando servicio [Catalina]
01-Aug-2023 21:50:29.935 INFORMACIÓN [main] org.apache.coyote.AbstractProtocol.stop Stopping ProtocolHandler ["http-nio-8080"]
01-Aug-2023 21:50:29.939 INFORMACIÓN [main] org.apache.coyote.AbstractProtocol.destroy Destroying ProtocolHandler ["http-nio-8080"]
01-Aug-2023 23:08:44.366 INFORMACIÓN [main] org.apache.catalina.startup.VersionLoggerListener.log Nombre de la versión del servidor: Apache Tomcat/9.0.78
01-Aug-2023 23:08:44.370 INFORMACIÓN [main] org.apache.catalina.startup.VersionLoggerListener.log Server built:                      Jul 4 2023 13:15:43 UTC
01-Aug-2023 23:08:44.370 INFORMACIÓN [main] org.apache.catalina.startup.VersionLoggerListener.log Número de versión de servidor:     9.0.78.0
01-Aug-2023 23:08:44.370 INFORMACIÓN [main] org.apache.catalina.startup.VersionLoggerListener.log OS Name:                           Windows 11
01-Aug-2023 23:08:44.370 INFORMACIÓN [main] org.apache.catalina.startup.VersionLoggerListener.log Versión de Systema Operativo:      10.0
01-Aug-2023 23:08:44.370 INFORMACIÓN [main] org.apache.catalina.startup.VersionLoggerListener.log Arquitectura:                      amd64
01-Aug-2023 23:08:44.370 INFORMACIÓN [main] org.apache.catalina.startup.VersionLoggerListener.log Java Home:                         D:\Program Files\BellSoft\LibericaJDK-17
01-Aug-2023 23:08:44.370 INFORMACIÓN [main] org.apache.catalina.startup.VersionLoggerListener.log JVM Version:                       17.0.7+7-LTS
01-Aug-2023 23:08:44.370 INFORMACIÓN [main] org.apache.catalina.startup.VersionLoggerListener.log Vededor JVM:                       BellSoft
01-Aug-2023 23:08:44.371 INFORMACIÓN [main] org.apache.catalina.startup.VersionLoggerListener.log CATALINA_BASE:                     C:\Users\edefl\Downloads\GitHub\FixnimartJava\FixnimartJava.AccesoADatos\server\apache-tomcat-9.0.78
01-Aug-2023 23:08:44.371 INFORMACIÓN [main] org.apache.catalina.startup.VersionLoggerListener.log CATALINA_HOME:                     C:\Users\edefl\Downloads\GitHub\FixnimartJava\FixnimartJava.AccesoADatos\server\apache-tomcat-9.0.78
01-Aug-2023 23:08:44.379 INFORMACIÓN [main] org.apache.catalina.startup.VersionLoggerListener.log Command line argument:             --add-opens=java.base/java.lang=ALL-UNNAMED
01-Aug-2023 23:08:44.379 INFORMACIÓN [main] org.apache.catalina.startup.VersionLoggerListener.log Command line argument:             --add-opens=java.base/java.io=ALL-UNNAMED
01-Aug-2023 23:08:44.379 INFORMACIÓN [main] org.apache.catalina.startup.VersionLoggerListener.log Command line argument:             --add-opens=java.base/java.util=ALL-UNNAMED
01-Aug-2023 23:08:44.379 INFORMACIÓN [main] org.apache.catalina.startup.VersionLoggerListener.log Command line argument:             --add-opens=java.base/java.util.concurrent=ALL-UNNAMED
01-Aug-2023 23:08:44.379 INFORMACIÓN [main] org.apache.catalina.startup.VersionLoggerListener.log Command line argument:             --add-opens=java.rmi/sun.rmi.transport=ALL-UNNAMED
01-Aug-2023 23:08:44.379 INFORMACIÓN [main] org.apache.catalina.startup.VersionLoggerListener.log Command line argument:             -Djava.util.logging.config.file=C:\Users\edefl\Downloads\GitHub\FixnimartJava\FixnimartJava.AccesoADatos\server\apache-tomcat-9.0.78\conf\logging.properties
01-Aug-2023 23:08:44.379 INFORMACIÓN [main] org.apache.catalina.startup.VersionLoggerListener.log Command line argument:             -Djava.util.logging.manager=org.apache.juli.ClassLoaderLogManager
01-Aug-2023 23:08:44.379 INFORMACIÓN [main] org.apache.catalina.startup.VersionLoggerListener.log Command line argument:             -Djdk.tls.ephemeralDHKeySize=2048
01-Aug-2023 23:08:44.379 INFORMACIÓN [main] org.apache.catalina.startup.VersionLoggerListener.log Command line argument:             -Djava.protocol.handler.pkgs=org.apache.catalina.webresources
01-Aug-2023 23:08:44.379 INFORMACIÓN [main] org.apache.catalina.startup.VersionLoggerListener.log Command line argument:             -Dignore.endorsed.dirs=
01-Aug-2023 23:08:44.379 INFORMACIÓN [main] org.apache.catalina.startup.VersionLoggerListener.log Command line argument:             -Dcatalina.base=C:\Users\edefl\Downloads\GitHub\FixnimartJava\FixnimartJava.AccesoADatos\server\apache-tomcat-9.0.78
01-Aug-2023 23:08:44.379 INFORMACIÓN [main] org.apache.catalina.startup.VersionLoggerListener.log Command line argument:             -Dcatalina.home=C:\Users\edefl\Downloads\GitHub\FixnimartJava\FixnimartJava.AccesoADatos\server\apache-tomcat-9.0.78
01-Aug-2023 23:08:44.409 INFORMACIÓN [main] org.apache.catalina.startup.VersionLoggerListener.log Command line argument:             -Djava.io.tmpdir=C:\Users\edefl\Downloads\GitHub\FixnimartJava\FixnimartJava.AccesoADatos\server\apache-tomcat-9.0.78\temp
01-Aug-2023 23:08:44.412 INFORMACIÓN [main] org.apache.catalina.core.AprLifecycleListener.lifecycleEvent Cargada la biblioteca nativa APR de Apache Tomcat [1.2.37] con la versión APR [1.7.4].
01-Aug-2023 23:08:44.412 INFORMACIÓN [main] org.apache.catalina.core.AprLifecycleListener.lifecycleEvent Capacidades APR: IPv6 [true], enviar fichero [true], aceptar filtros [false], aleatorio [true], UDS [true].
01-Aug-2023 23:08:44.412 INFORMACIÓN [main] org.apache.catalina.core.AprLifecycleListener.lifecycleEvent APR/OpenSSL configuration: useAprConnector [false], useOpenSSL [true]
01-Aug-2023 23:08:44.416 INFORMACIÓN [main] org.apache.catalina.core.AprLifecycleListener.initializeSSL OpenSSL inicializado correctamente [OpenSSL 1.1.1u  30 May 2023]
01-Aug-2023 23:08:44.628 INFORMACIÓN [main] org.apache.coyote.AbstractProtocol.init Inicializando el manejador de protocolo ["http-nio-8080"]

01-Aug-2023 23:08:44.650 INFORMACIÓN [main] org.apache.catalina.startup.Catalina.load Server initialization in [439] milliseconds
01-Aug-2023 23:08:44.706 INFORMACIÓN [main] org.apache.catalina.core.StandardService.startInternal Arrancando servicio [Catalina]
01-Aug-2023 23:08:44.707 INFORMACIÓN [main] org.apache.catalina.core.StandardEngine.startInternal Starting Servlet engine: [Apache Tomcat/9.0.78]
01-Aug-2023 23:08:44.715 INFORMACIÓN [main] org.apache.catalina.startup.HostConfig.deployDescriptor Desplieque del descriptor de configuración [C:\Users\edefl\Downloads\GitHub\FixnimartJava\FixnimartJava.AccesoADatos\server\apache-tomcat-9.0.78\conf\Catalina\localhost\ROOT.xml]
01-Aug-2023 23:08:44.728 ADVERTENCIA [main] org.apache.catalina.core.StandardContext.setPath Una ruta de contexto debe de ser o una cadena vacía o comenzar con "/". La ruta [/] no cumple con estos criterios y ha sido cambiada por []
01-Aug-2023 23:08:44.730 ADVERTENCIA [main] org.apache.catalina.startup.HostConfig.deployDescriptor The path attribute with value [] in deployment descriptor [C:\Users\edefl\Downloads\GitHub\FixnimartJava\FixnimartJava.AccesoADatos\server\apache-tomcat-9.0.78\conf\Catalina\localhost\ROOT.xml] has been ignored
01-Aug-2023 23:08:45.221 INFORMACIÓN [main] org.apache.jasper.servlet.TldScanner.scanJars Al menos un JAR, que se ha explorado buscando TLDs, aún no contenía TLDs. Activar historial de depuración para este historiador para una completa lista de los JARs que fueron explorados y de los que nos se halló TLDs. Saltarse JARs no necesarios durante la exploración puede dar lugar a una mejora de tiempo significativa en el arranque y compilación de JSP .
01-Aug-2023 23:08:45.296 INFORMACIÓN [main] org.apache.catalina.startup.HostConfig.deployDescriptor Deployment of deployment descriptor [C:\Users\edefl\Downloads\GitHub\FixnimartJava\FixnimartJava.AccesoADatos\server\apache-tomcat-9.0.78\conf\Catalina\localhost\ROOT.xml] has finished in [579] ms
01-Aug-2023 23:08:45.297 INFORMACIÓN [main] org.apache.catalina.startup.HostConfig.deployDirectory Desplegando el directorio [C:\Users\edefl\Downloads\GitHub\FixnimartJava\FixnimartJava.AccesoADatos\server\apache-tomcat-9.0.78\webapps\docs] de la aplicación web
01-Aug-2023 23:08:45.331 INFORMACIÓN [main] org.apache.catalina.startup.HostConfig.deployDirectory Deployment of web application directory [C:\Users\edefl\Downloads\GitHub\FixnimartJava\FixnimartJava.AccesoADatos\server\apache-tomcat-9.0.78\webapps\docs] has finished in [34] ms
01-Aug-2023 23:08:45.331 INFORMACIÓN [main] org.apache.catalina.startup.HostConfig.deployDirectory Desplegando el directorio [C:\Users\edefl\Downloads\GitHub\FixnimartJava\FixnimartJava.AccesoADatos\server\apache-tomcat-9.0.78\webapps\examples] de la aplicación web
01-Aug-2023 23:08:45.698 INFORMACIÓN [main] org.apache.catalina.startup.HostConfig.deployDirectory Deployment of web application directory [C:\Users\edefl\Downloads\GitHub\FixnimartJava\FixnimartJava.AccesoADatos\server\apache-tomcat-9.0.78\webapps\examples] has finished in [367] ms
01-Aug-2023 23:08:45.698 INFORMACIÓN [main] org.apache.catalina.startup.HostConfig.deployDirectory Desplegando el directorio [C:\Users\edefl\Downloads\GitHub\FixnimartJava\FixnimartJava.AccesoADatos\server\apache-tomcat-9.0.78\webapps\host-manager] de la aplicación web
01-Aug-2023 23:08:45.744 INFORMACIÓN [main] org.apache.catalina.startup.HostConfig.deployDirectory Deployment of web application directory [C:\Users\edefl\Downloads\GitHub\FixnimartJava\FixnimartJava.AccesoADatos\server\apache-tomcat-9.0.78\webapps\host-manager] has finished in [46] ms
01-Aug-2023 23:08:45.744 INFORMACIÓN [main] org.apache.catalina.startup.HostConfig.deployDirectory Desplegando el directorio [C:\Users\edefl\Downloads\GitHub\FixnimartJava\FixnimartJava.AccesoADatos\server\apache-tomcat-9.0.78\webapps\manager] de la aplicación web
01-Aug-2023 23:08:45.788 INFORMACIÓN [main] org.apache.catalina.startup.HostConfig.deployDirectory Deployment of web application directory [C:\Users\edefl\Downloads\GitHub\FixnimartJava\FixnimartJava.AccesoADatos\server\apache-tomcat-9.0.78\webapps\manager] has finished in [44] ms
01-Aug-2023 23:08:45.791 INFORMACIÓN [main] org.apache.coyote.AbstractProtocol.start Starting ProtocolHandler ["http-nio-8080"]
01-Aug-2023 23:08:45.841 INFORMACIÓN [main] org.apache.catalina.startup.Catalina.start Server startup in [1189] milliseconds
01-Aug-2023 23:19:55.702 INFORMACIÓN [main] org.apache.catalina.core.StandardServer.await Se ha recibido un comando de apagado a través del puerto de apagado. Parando la instancia del Servidor.
01-Aug-2023 23:19:55.702 INFORMACIÓN [main] org.apache.coyote.AbstractProtocol.pause Pausing ProtocolHandler ["http-nio-8080"]
01-Aug-2023 23:19:55.708 INFORMACIÓN [main] org.apache.catalina.core.StandardService.stopInternal Parando servicio [Catalina]
01-Aug-2023 23:19:55.736 INFORMACIÓN [main] org.apache.coyote.AbstractProtocol.stop Stopping ProtocolHandler ["http-nio-8080"]
01-Aug-2023 23:19:55.741 INFORMACIÓN [main] org.apache.coyote.AbstractProtocol.destroy Destroying ProtocolHandler ["http-nio-8080"]
01-Aug-2023 23:37:31.235 INFORMACIÓN [main] org.apache.catalina.startup.VersionLoggerListener.log Nombre de la versión del servidor: Apache Tomcat/9.0.78
01-Aug-2023 23:37:31.238 INFORMACIÓN [main] org.apache.catalina.startup.VersionLoggerListener.log Server built:                      Jul 4 2023 13:15:43 UTC
01-Aug-2023 23:37:31.238 INFORMACIÓN [main] org.apache.catalina.startup.VersionLoggerListener.log Número de versión de servidor:     9.0.78.0
01-Aug-2023 23:37:31.238 INFORMACIÓN [main] org.apache.catalina.startup.VersionLoggerListener.log OS Name:                           Windows 11
01-Aug-2023 23:37:31.238 INFORMACIÓN [main] org.apache.catalina.startup.VersionLoggerListener.log Versión de Systema Operativo:      10.0
01-Aug-2023 23:37:31.239 INFORMACIÓN [main] org.apache.catalina.startup.VersionLoggerListener.log Arquitectura:                      amd64
01-Aug-2023 23:37:31.239 INFORMACIÓN [main] org.apache.catalina.startup.VersionLoggerListener.log Java Home:                         D:\Program Files\BellSoft\LibericaJDK-17
01-Aug-2023 23:37:31.239 INFORMACIÓN [main] org.apache.catalina.startup.VersionLoggerListener.log JVM Version:                       17.0.7+7-LTS
01-Aug-2023 23:37:31.239 INFORMACIÓN [main] org.apache.catalina.startup.VersionLoggerListener.log Vededor JVM:                       BellSoft
01-Aug-2023 23:37:31.239 INFORMACIÓN [main] org.apache.catalina.startup.VersionLoggerListener.log CATALINA_BASE:                     C:\Users\edefl\Downloads\GitHub\FixnimartJava\FixnimartJava.AccesoADatos\server\apache-tomcat-9.0.78
01-Aug-2023 23:37:31.239 INFORMACIÓN [main] org.apache.catalina.startup.VersionLoggerListener.log CATALINA_HOME:                     C:\Users\edefl\Downloads\GitHub\FixnimartJava\FixnimartJava.AccesoADatos\server\apache-tomcat-9.0.78
01-Aug-2023 23:37:31.251 INFORMACIÓN [main] org.apache.catalina.startup.VersionLoggerListener.log Command line argument:             --add-opens=java.base/java.lang=ALL-UNNAMED
01-Aug-2023 23:37:31.251 INFORMACIÓN [main] org.apache.catalina.startup.VersionLoggerListener.log Command line argument:             --add-opens=java.base/java.io=ALL-UNNAMED
01-Aug-2023 23:37:31.251 INFORMACIÓN [main] org.apache.catalina.startup.VersionLoggerListener.log Command line argument:             --add-opens=java.base/java.util=ALL-UNNAMED
01-Aug-2023 23:37:31.251 INFORMACIÓN [main] org.apache.catalina.startup.VersionLoggerListener.log Command line argument:             --add-opens=java.base/java.util.concurrent=ALL-UNNAMED
01-Aug-2023 23:37:31.251 INFORMACIÓN [main] org.apache.catalina.startup.VersionLoggerListener.log Command line argument:             --add-opens=java.rmi/sun.rmi.transport=ALL-UNNAMED
01-Aug-2023 23:37:31.251 INFORMACIÓN [main] org.apache.catalina.startup.VersionLoggerListener.log Command line argument:             -Djava.util.logging.config.file=C:\Users\edefl\Downloads\GitHub\FixnimartJava\FixnimartJava.AccesoADatos\server\apache-tomcat-9.0.78\conf\logging.properties
01-Aug-2023 23:37:31.251 INFORMACIÓN [main] org.apache.catalina.startup.VersionLoggerListener.log Command line argument:             -Djava.util.logging.manager=org.apache.juli.ClassLoaderLogManager
01-Aug-2023 23:37:31.252 INFORMACIÓN [main] org.apache.catalina.startup.VersionLoggerListener.log Command line argument:             -Djdk.tls.ephemeralDHKeySize=2048
01-Aug-2023 23:37:31.252 INFORMACIÓN [main] org.apache.catalina.startup.VersionLoggerListener.log Command line argument:             -Djava.protocol.handler.pkgs=org.apache.catalina.webresources
01-Aug-2023 23:37:31.252 INFORMACIÓN [main] org.apache.catalina.startup.VersionLoggerListener.log Command line argument:             -Dignore.endorsed.dirs=
01-Aug-2023 23:37:31.252 INFORMACIÓN [main] org.apache.catalina.startup.VersionLoggerListener.log Command line argument:             -Dcatalina.base=C:\Users\edefl\Downloads\GitHub\FixnimartJava\FixnimartJava.AccesoADatos\server\apache-tomcat-9.0.78
01-Aug-2023 23:37:31.252 INFORMACIÓN [main] org.apache.catalina.startup.VersionLoggerListener.log Command line argument:             -Dcatalina.home=C:\Users\edefl\Downloads\GitHub\FixnimartJava\FixnimartJava.AccesoADatos\server\apache-tomcat-9.0.78
01-Aug-2023 23:37:31.252 INFORMACIÓN [main] org.apache.catalina.startup.VersionLoggerListener.log Command line argument:             -Djava.io.tmpdir=C:\Users\edefl\Downloads\GitHub\FixnimartJava\FixnimartJava.AccesoADatos\server\apache-tomcat-9.0.78\temp
01-Aug-2023 23:37:31.259 INFORMACIÓN [main] org.apache.catalina.core.AprLifecycleListener.lifecycleEvent Cargada la biblioteca nativa APR de Apache Tomcat [1.2.37] con la versión APR [1.7.4].
01-Aug-2023 23:37:31.259 INFORMACIÓN [main] org.apache.catalina.core.AprLifecycleListener.lifecycleEvent Capacidades APR: IPv6 [true], enviar fichero [true], aceptar filtros [false], aleatorio [true], UDS [true].
01-Aug-2023 23:37:31.259 INFORMACIÓN [main] org.apache.catalina.core.AprLifecycleListener.lifecycleEvent APR/OpenSSL configuration: useAprConnector [false], useOpenSSL [true]
01-Aug-2023 23:37:31.264 INFORMACIÓN [main] org.apache.catalina.core.AprLifecycleListener.initializeSSL OpenSSL inicializado correctamente [OpenSSL 1.1.1u  30 May 2023]
01-Aug-2023 23:37:31.458 INFORMACIÓN [main] org.apache.coyote.AbstractProtocol.init Inicializando el manejador de protocolo ["http-nio-8080"]

01-Aug-2023 23:37:31.475 INFORMACIÓN [main] org.apache.catalina.startup.Catalina.load Server initialization in [441] milliseconds
01-Aug-2023 23:37:31.515 INFORMACIÓN [main] org.apache.catalina.core.StandardService.startInternal Arrancando servicio [Catalina]
01-Aug-2023 23:37:31.515 INFORMACIÓN [main] org.apache.catalina.core.StandardEngine.startInternal Starting Servlet engine: [Apache Tomcat/9.0.78]
01-Aug-2023 23:37:31.522 INFORMACIÓN [main] org.apache.catalina.startup.HostConfig.deployDescriptor Desplieque del descriptor de configuración [C:\Users\edefl\Downloads\GitHub\FixnimartJava\FixnimartJava.AccesoADatos\server\apache-tomcat-9.0.78\conf\Catalina\localhost\ROOT.xml]
01-Aug-2023 23:37:31.532 ADVERTENCIA [main] org.apache.catalina.core.StandardContext.setPath Una ruta de contexto debe de ser o una cadena vacía o comenzar con "/". La ruta [/] no cumple con estos criterios y ha sido cambiada por []
01-Aug-2023 23:37:31.533 ADVERTENCIA [main] org.apache.catalina.startup.HostConfig.deployDescriptor The path attribute with value [] in deployment descriptor [C:\Users\edefl\Downloads\GitHub\FixnimartJava\FixnimartJava.AccesoADatos\server\apache-tomcat-9.0.78\conf\Catalina\localhost\ROOT.xml] has been ignored
01-Aug-2023 23:37:32.002 INFORMACIÓN [main] org.apache.jasper.servlet.TldScanner.scanJars Al menos un JAR, que se ha explorado buscando TLDs, aún no contenía TLDs. Activar historial de depuración para este historiador para una completa lista de los JARs que fueron explorados y de los que nos se halló TLDs. Saltarse JARs no necesarios durante la exploración puede dar lugar a una mejora de tiempo significativa en el arranque y compilación de JSP .
01-Aug-2023 23:37:32.079 INFORMACIÓN [main] org.apache.catalina.startup.HostConfig.deployDescriptor Deployment of deployment descriptor [C:\Users\edefl\Downloads\GitHub\FixnimartJava\FixnimartJava.AccesoADatos\server\apache-tomcat-9.0.78\conf\Catalina\localhost\ROOT.xml] has finished in [554] ms
01-Aug-2023 23:37:32.079 INFORMACIÓN [main] org.apache.catalina.startup.HostConfig.deployDirectory Desplegando el directorio [C:\Users\edefl\Downloads\GitHub\FixnimartJava\FixnimartJava.AccesoADatos\server\apache-tomcat-9.0.78\webapps\docs] de la aplicación web
01-Aug-2023 23:37:32.112 INFORMACIÓN [main] org.apache.catalina.startup.HostConfig.deployDirectory Deployment of web application directory [C:\Users\edefl\Downloads\GitHub\FixnimartJava\FixnimartJava.AccesoADatos\server\apache-tomcat-9.0.78\webapps\docs] has finished in [32] ms
01-Aug-2023 23:37:32.112 INFORMACIÓN [main] org.apache.catalina.startup.HostConfig.deployDirectory Desplegando el directorio [C:\Users\edefl\Downloads\GitHub\FixnimartJava\FixnimartJava.AccesoADatos\server\apache-tomcat-9.0.78\webapps\examples] de la aplicación web
01-Aug-2023 23:37:32.474 INFORMACIÓN [main] org.apache.catalina.startup.HostConfig.deployDirectory Deployment of web application directory [C:\Users\edefl\Downloads\GitHub\FixnimartJava\FixnimartJava.AccesoADatos\server\apache-tomcat-9.0.78\webapps\examples] has finished in [361] ms
01-Aug-2023 23:37:32.474 INFORMACIÓN [main] org.apache.catalina.startup.HostConfig.deployDirectory Desplegando el directorio [C:\Users\edefl\Downloads\GitHub\FixnimartJava\FixnimartJava.AccesoADatos\server\apache-tomcat-9.0.78\webapps\host-manager] de la aplicación web
01-Aug-2023 23:37:32.511 INFORMACIÓN [main] org.apache.catalina.startup.HostConfig.deployDirectory Deployment of web application directory [C:\Users\edefl\Downloads\GitHub\FixnimartJava\FixnimartJava.AccesoADatos\server\apache-tomcat-9.0.78\webapps\host-manager] has finished in [37] ms
01-Aug-2023 23:37:32.511 INFORMACIÓN [main] org.apache.catalina.startup.HostConfig.deployDirectory Desplegando el directorio [C:\Users\edefl\Downloads\GitHub\FixnimartJava\FixnimartJava.AccesoADatos\server\apache-tomcat-9.0.78\webapps\manager] de la aplicación web
01-Aug-2023 23:37:32.552 INFORMACIÓN [main] org.apache.catalina.startup.HostConfig.deployDirectory Deployment of web application directory [C:\Users\edefl\Downloads\GitHub\FixnimartJava\FixnimartJava.AccesoADatos\server\apache-tomcat-9.0.78\webapps\manager] has finished in [41] ms
01-Aug-2023 23:37:32.555 INFORMACIÓN [main] org.apache.coyote.AbstractProtocol.start Starting ProtocolHandler ["http-nio-8080"]
01-Aug-2023 23:37:32.598 INFORMACIÓN [main] org.apache.catalina.startup.Catalina.start Server startup in [1121] milliseconds
