14-Aug-2023 08:11:25.821 INFO [main] org.apache.catalina.startup.VersionLoggerListener.log Nombre de la versión del servidor: Apache Tomcat/9.0.78
14-Aug-2023 08:11:25.833 INFO [main] org.apache.catalina.startup.VersionLoggerListener.log Server built:                      Jul 4 2023 13:15:43 UTC
14-Aug-2023 08:11:25.834 INFO [main] org.apache.catalina.startup.VersionLoggerListener.log Número de versión de servidor:     9.0.78.0
14-Aug-2023 08:11:25.834 INFO [main] org.apache.catalina.startup.VersionLoggerListener.log OS Name:                           Windows 11
14-Aug-2023 08:11:25.834 INFO [main] org.apache.catalina.startup.VersionLoggerListener.log Versión de Systema Operativo:      10.0
14-Aug-2023 08:11:25.834 INFO [main] org.apache.catalina.startup.VersionLoggerListener.log Arquitectura:                      amd64
14-Aug-2023 08:11:25.834 INFO [main] org.apache.catalina.startup.VersionLoggerListener.log Java Home:                         C:\Program Files\Java\jdk-17
14-Aug-2023 08:11:25.834 INFO [main] org.apache.catalina.startup.VersionLoggerListener.log JVM Version:                       17.0.7+8-LTS-224
14-Aug-2023 08:11:25.835 INFO [main] org.apache.catalina.startup.VersionLoggerListener.log Vededor JVM:                       Oracle Corporation
14-Aug-2023 08:11:25.835 INFO [main] org.apache.catalina.startup.VersionLoggerListener.log CATALINA_BASE:                     C:\Users\MINEDUCYT\Downloads\GitHub\FixnimartJava\FixnimartJava.AccesoADatos\server\apache-tomcat-9.0.78
14-Aug-2023 08:11:25.835 INFO [main] org.apache.catalina.startup.VersionLoggerListener.log CATALINA_HOME:                     C:\Users\MINEDUCYT\Downloads\GitHub\FixnimartJava\FixnimartJava.AccesoADatos\server\apache-tomcat-9.0.78
14-Aug-2023 08:11:25.911 INFO [main] org.apache.catalina.startup.VersionLoggerListener.log Command line argument:             --add-opens=java.base/java.lang=ALL-UNNAMED
14-Aug-2023 08:11:25.911 INFO [main] org.apache.catalina.startup.VersionLoggerListener.log Command line argument:             --add-opens=java.base/java.io=ALL-UNNAMED
14-Aug-2023 08:11:25.911 INFO [main] org.apache.catalina.startup.VersionLoggerListener.log Command line argument:             --add-opens=java.base/java.util=ALL-UNNAMED
14-Aug-2023 08:11:25.911 INFO [main] org.apache.catalina.startup.VersionLoggerListener.log Command line argument:             --add-opens=java.base/java.util.concurrent=ALL-UNNAMED
14-Aug-2023 08:11:25.911 INFO [main] org.apache.catalina.startup.VersionLoggerListener.log Command line argument:             --add-opens=java.rmi/sun.rmi.transport=ALL-UNNAMED
14-Aug-2023 08:11:25.911 INFO [main] org.apache.catalina.startup.VersionLoggerListener.log Command line argument:             -Djava.util.logging.config.file=C:\Users\MINEDUCYT\Downloads\GitHub\FixnimartJava\FixnimartJava.AccesoADatos\server\apache-tomcat-9.0.78\conf\logging.properties
14-Aug-2023 08:11:25.911 INFO [main] org.apache.catalina.startup.VersionLoggerListener.log Command line argument:             -Djava.util.logging.manager=org.apache.juli.ClassLoaderLogManager
14-Aug-2023 08:11:25.911 INFO [main] org.apache.catalina.startup.VersionLoggerListener.log Command line argument:             -Djdk.tls.ephemeralDHKeySize=2048
14-Aug-2023 08:11:25.911 INFO [main] org.apache.catalina.startup.VersionLoggerListener.log Command line argument:             -Djava.protocol.handler.pkgs=org.apache.catalina.webresources
14-Aug-2023 08:11:25.911 INFO [main] org.apache.catalina.startup.VersionLoggerListener.log Command line argument:             -Dignore.endorsed.dirs=
14-Aug-2023 08:11:25.911 INFO [main] org.apache.catalina.startup.VersionLoggerListener.log Command line argument:             -Dcatalina.base=C:\Users\MINEDUCYT\Downloads\GitHub\FixnimartJava\FixnimartJava.AccesoADatos\server\apache-tomcat-9.0.78
14-Aug-2023 08:11:25.911 INFO [main] org.apache.catalina.startup.VersionLoggerListener.log Command line argument:             -Dcatalina.home=C:\Users\MINEDUCYT\Downloads\GitHub\FixnimartJava\FixnimartJava.AccesoADatos\server\apache-tomcat-9.0.78
14-Aug-2023 08:11:25.911 INFO [main] org.apache.catalina.startup.VersionLoggerListener.log Command line argument:             -Djava.io.tmpdir=C:\Users\MINEDUCYT\Downloads\GitHub\FixnimartJava\FixnimartJava.AccesoADatos\server\apache-tomcat-9.0.78\temp
14-Aug-2023 08:11:25.979 INFO [main] org.apache.catalina.core.AprLifecycleListener.lifecycleEvent Cargada la biblioteca nativa APR de Apache Tomcat [1.2.37] con la versión APR [1.7.4].
14-Aug-2023 08:11:25.980 INFO [main] org.apache.catalina.core.AprLifecycleListener.lifecycleEvent Capacidades APR: IPv6 [true], enviar fichero [true], aceptar filtros [false], aleatorio [true], UDS [true].
14-Aug-2023 08:11:25.980 INFO [main] org.apache.catalina.core.AprLifecycleListener.lifecycleEvent APR/OpenSSL configuration: useAprConnector [false], useOpenSSL [true]
14-Aug-2023 08:11:26.000 INFO [main] org.apache.catalina.core.AprLifecycleListener.initializeSSL OpenSSL inicializado correctamente [OpenSSL 1.1.1u  30 May 2023]
14-Aug-2023 08:11:26.692 INFO [main] org.apache.coyote.AbstractProtocol.init Inicializando el manejador de protocolo ["http-nio-8080"]

14-Aug-2023 08:11:26.815 INFO [main] org.apache.catalina.startup.Catalina.load Server initialization in [1913] milliseconds
14-Aug-2023 08:11:27.010 INFO [main] org.apache.catalina.core.StandardService.startInternal Arrancando servicio [Catalina]
14-Aug-2023 08:11:27.010 INFO [main] org.apache.catalina.core.StandardEngine.startInternal Starting Servlet engine: [Apache Tomcat/9.0.78]
14-Aug-2023 08:11:27.052 INFO [main] org.apache.catalina.startup.HostConfig.deployDescriptor Desplieque del descriptor de configuración [C:\Users\MINEDUCYT\Downloads\GitHub\FixnimartJava\FixnimartJava.AccesoADatos\server\apache-tomcat-9.0.78\conf\Catalina\localhost\ROOT.xml]
14-Aug-2023 08:11:27.110 WARNING [main] org.apache.catalina.core.StandardContext.setPath Una ruta de contexto debe de ser o una cadena vacía o comenzar con "/". La ruta [/] no cumple con estos criterios y ha sido cambiada por []
14-Aug-2023 08:11:27.115 WARNING [main] org.apache.catalina.startup.HostConfig.deployDescriptor The path attribute with value [] in deployment descriptor [C:\Users\MINEDUCYT\Downloads\GitHub\FixnimartJava\FixnimartJava.AccesoADatos\server\apache-tomcat-9.0.78\conf\Catalina\localhost\ROOT.xml] has been ignored
14-Aug-2023 08:11:32.339 INFO [main] org.apache.jasper.servlet.TldScanner.scanJars Al menos un JAR, que se ha explorado buscando TLDs, aún no contenía TLDs. Activar historial de depuración para este historiador para una completa lista de los JARs que fueron explorados y de los que nos se halló TLDs. Saltarse JARs no necesarios durante la exploración puede dar lugar a una mejora de tiempo significativa en el arranque y compilación de JSP .
14-Aug-2023 08:11:32.517 WARNING [main] org.apache.catalina.util.SessionIdGeneratorBase.createSecureRandom Creation of SecureRandom instance for session ID generation using [SHA1PRNG] took [123] milliseconds.
14-Aug-2023 08:11:32.589 INFO [main] org.apache.catalina.startup.HostConfig.deployDescriptor Deployment of deployment descriptor [C:\Users\MINEDUCYT\Downloads\GitHub\FixnimartJava\FixnimartJava.AccesoADatos\server\apache-tomcat-9.0.78\conf\Catalina\localhost\ROOT.xml] has finished in [5.536] ms
14-Aug-2023 08:11:32.591 INFO [main] org.apache.catalina.startup.HostConfig.deployDirectory Desplegando el directorio [C:\Users\MINEDUCYT\Downloads\GitHub\FixnimartJava\FixnimartJava.AccesoADatos\server\apache-tomcat-9.0.78\webapps\docs] de la aplicación web
14-Aug-2023 08:11:32.701 INFO [main] org.apache.catalina.startup.HostConfig.deployDirectory Deployment of web application directory [C:\Users\MINEDUCYT\Downloads\GitHub\FixnimartJava\FixnimartJava.AccesoADatos\server\apache-tomcat-9.0.78\webapps\docs] has finished in [110] ms
14-Aug-2023 08:11:32.701 INFO [main] org.apache.catalina.startup.HostConfig.deployDirectory Desplegando el directorio [C:\Users\MINEDUCYT\Downloads\GitHub\FixnimartJava\FixnimartJava.AccesoADatos\server\apache-tomcat-9.0.78\webapps\examples] de la aplicación web
14-Aug-2023 08:11:34.159 INFO [main] org.apache.catalina.startup.HostConfig.deployDirectory Deployment of web application directory [C:\Users\MINEDUCYT\Downloads\GitHub\FixnimartJava\FixnimartJava.AccesoADatos\server\apache-tomcat-9.0.78\webapps\examples] has finished in [1.457] ms
14-Aug-2023 08:11:34.162 INFO [main] org.apache.catalina.startup.HostConfig.deployDirectory Desplegando el directorio [C:\Users\MINEDUCYT\Downloads\GitHub\FixnimartJava\FixnimartJava.AccesoADatos\server\apache-tomcat-9.0.78\webapps\host-manager] de la aplicación web
14-Aug-2023 08:11:34.297 INFO [main] org.apache.catalina.startup.HostConfig.deployDirectory Deployment of web application directory [C:\Users\MINEDUCYT\Downloads\GitHub\FixnimartJava\FixnimartJava.AccesoADatos\server\apache-tomcat-9.0.78\webapps\host-manager] has finished in [135] ms
14-Aug-2023 08:11:34.299 INFO [main] org.apache.catalina.startup.HostConfig.deployDirectory Desplegando el directorio [C:\Users\MINEDUCYT\Downloads\GitHub\FixnimartJava\FixnimartJava.AccesoADatos\server\apache-tomcat-9.0.78\webapps\manager] de la aplicación web
14-Aug-2023 08:11:34.485 INFO [main] org.apache.catalina.startup.HostConfig.deployDirectory Deployment of web application directory [C:\Users\MINEDUCYT\Downloads\GitHub\FixnimartJava\FixnimartJava.AccesoADatos\server\apache-tomcat-9.0.78\webapps\manager] has finished in [186] ms
14-Aug-2023 08:11:34.494 INFO [main] org.apache.coyote.AbstractProtocol.start Starting ProtocolHandler ["http-nio-8080"]
14-Aug-2023 08:11:34.691 INFO [main] org.apache.catalina.startup.Catalina.start Server startup in [7875] milliseconds
14-Aug-2023 08:11:42.809 INFO [http-nio-8080-exec-10] org.apache.catalina.startup.HostConfig.deployDescriptor Desplieque del descriptor de configuración [C:\Users\MINEDUCYT\Downloads\GitHub\FixnimartJava\FixnimartJava.AccesoADatos\server\apache-tomcat-9.0.78\conf\Catalina\localhost\RNML20230814.xml]
14-Aug-2023 08:11:42.814 WARNING [http-nio-8080-exec-10] org.apache.catalina.startup.HostConfig.deployDescriptor The path attribute with value [/RNML20230814] in deployment descriptor [C:\Users\MINEDUCYT\Downloads\GitHub\FixnimartJava\FixnimartJava.AccesoADatos\server\apache-tomcat-9.0.78\conf\Catalina\localhost\RNML20230814.xml] has been ignored
14-Aug-2023 08:11:42.955 INFO [http-nio-8080-exec-10] org.apache.catalina.startup.HostConfig.deployDescriptor Deployment of deployment descriptor [C:\Users\MINEDUCYT\Downloads\GitHub\FixnimartJava\FixnimartJava.AccesoADatos\server\apache-tomcat-9.0.78\conf\Catalina\localhost\RNML20230814.xml] has finished in [145] ms
14-Aug-2023 08:11:42.963 INFO [http-nio-8080-exec-3] org.apache.catalina.util.LifecycleBase.start The start() method was called on component [StandardEngine[Catalina].StandardHost[localhost].StandardContext[/RNML20230814]] after start() had already been called. The second call will be ignored.
14-Aug-2023 08:25:35.018 INFO [http-nio-8080-exec-9] org.apache.catalina.startup.HostConfig.undeploy Repliegue (undeploy) de la aplicación web que tiene como trayectoria de contexto [/RNML20230814]
14-Aug-2023 08:25:51.006 INFO [http-nio-8080-exec-7] org.apache.catalina.startup.HostConfig.deployDescriptor Desplieque del descriptor de configuración [C:\Users\MINEDUCYT\Downloads\GitHub\FixnimartJava\FixnimartJava.AccesoADatos\server\apache-tomcat-9.0.78\conf\Catalina\localhost\RNML20230814AppWeb.xml]
14-Aug-2023 08:25:51.033 WARNING [http-nio-8080-exec-7] org.apache.catalina.startup.HostConfig.deployDescriptor The path attribute with value [/RNML20230814AppWeb] in deployment descriptor [C:\Users\MINEDUCYT\Downloads\GitHub\FixnimartJava\FixnimartJava.AccesoADatos\server\apache-tomcat-9.0.78\conf\Catalina\localhost\RNML20230814AppWeb.xml] has been ignored
14-Aug-2023 08:25:52.056 INFO [http-nio-8080-exec-7] org.apache.catalina.startup.HostConfig.deployDescriptor Deployment of deployment descriptor [C:\Users\MINEDUCYT\Downloads\GitHub\FixnimartJava\FixnimartJava.AccesoADatos\server\apache-tomcat-9.0.78\conf\Catalina\localhost\RNML20230814AppWeb.xml] has finished in [1.041] ms
14-Aug-2023 08:25:52.070 INFO [http-nio-8080-exec-4] org.apache.catalina.util.LifecycleBase.start The start() method was called on component [StandardEngine[Catalina].StandardHost[localhost].StandardContext[/RNML20230814AppWeb]] after start() had already been called. The second call will be ignored.
14-Aug-2023 08:29:04.664 INFO [http-nio-8080-exec-12] org.apache.catalina.core.StandardContext.reload Ha comenzado la recarga de Contexto [/RNML20230814AppWeb]
14-Aug-2023 08:29:07.864 INFO [http-nio-8080-exec-12] org.apache.jasper.servlet.TldScanner.scanJars Al menos un JAR, que se ha explorado buscando TLDs, aún no contenía TLDs. Activar historial de depuración para este historiador para una completa lista de los JARs que fueron explorados y de los que nos se halló TLDs. Saltarse JARs no necesarios durante la exploración puede dar lugar a una mejora de tiempo significativa en el arranque y compilación de JSP .
14-Aug-2023 08:29:07.876 INFO [http-nio-8080-exec-12] org.apache.catalina.core.StandardContext.reload Se ha completado la recarga de este Contexto
14-Aug-2023 09:01:57.023 INFO [http-nio-8080-exec-28] org.apache.catalina.core.StandardContext.reload Ha comenzado la recarga de Contexto [/RNML20230814AppWeb]
14-Aug-2023 09:01:57.908 INFO [http-nio-8080-exec-28] org.apache.jasper.servlet.TldScanner.scanJars Al menos un JAR, que se ha explorado buscando TLDs, aún no contenía TLDs. Activar historial de depuración para este historiador para una completa lista de los JARs que fueron explorados y de los que nos se halló TLDs. Saltarse JARs no necesarios durante la exploración puede dar lugar a una mejora de tiempo significativa en el arranque y compilación de JSP .
14-Aug-2023 09:01:57.913 INFO [http-nio-8080-exec-28] org.apache.catalina.core.StandardContext.reload Se ha completado la recarga de este Contexto
14-Aug-2023 09:59:18.764 INFO [Catalina-utility-1] org.apache.catalina.startup.HostConfig.undeploy Repliegue (undeploy) de la aplicación web que tiene como trayectoria de contexto [/RNML20230814AppWeb]
14-Aug-2023 09:59:20.836 INFO [Catalina-utility-1] org.apache.catalina.startup.HostConfig.deployDescriptor Desplieque del descriptor de configuración [C:\Users\MINEDUCYT\Downloads\GitHub\FixnimartJava\FixnimartJava.AccesoADatos\server\apache-tomcat-9.0.78\conf\Catalina\localhost\RNML20230814AppWeb.xml]
14-Aug-2023 09:59:20.868 WARNING [Catalina-utility-1] org.apache.catalina.startup.HostConfig.deployDescriptor The path attribute with value [/RNML20230814AppWeb] in deployment descriptor [C:\Users\MINEDUCYT\Downloads\GitHub\FixnimartJava\FixnimartJava.AccesoADatos\server\apache-tomcat-9.0.78\conf\Catalina\localhost\RNML20230814AppWeb.xml] has been ignored
14-Aug-2023 09:59:21.103 SEVERE [Catalina-utility-1] org.apache.catalina.startup.HostConfig.deployDescriptor Error durante el despliegue del descriptor de configuración [C:\Users\MINEDUCYT\Downloads\GitHub\FixnimartJava\FixnimartJava.AccesoADatos\server\apache-tomcat-9.0.78\conf\Catalina\localhost\RNML20230814AppWeb.xml]
	java.lang.IllegalStateException: Error starting child
		at org.apache.catalina.core.ContainerBase.addChildInternal(ContainerBase.java:686)
		at org.apache.catalina.core.ContainerBase.addChild(ContainerBase.java:658)
		at org.apache.catalina.core.StandardHost.addChild(StandardHost.java:662)
		at org.apache.catalina.startup.HostConfig.deployDescriptor(HostConfig.java:689)
		at org.apache.catalina.startup.HostConfig$DeployDescriptor.run(HostConfig.java:1888)
		at java.base/java.util.concurrent.Executors$RunnableAdapter.call(Executors.java:539)
		at java.base/java.util.concurrent.FutureTask.run(FutureTask.java:264)
		at org.apache.tomcat.util.threads.InlineExecutorService.execute(InlineExecutorService.java:75)
		at java.base/java.util.concurrent.AbstractExecutorService.submit(AbstractExecutorService.java:123)
		at org.apache.catalina.startup.HostConfig.deployDescriptors(HostConfig.java:582)
		at org.apache.catalina.startup.HostConfig.deployApps(HostConfig.java:472)
		at org.apache.catalina.startup.HostConfig.check(HostConfig.java:1666)
		at org.apache.catalina.startup.HostConfig.lifecycleEvent(HostConfig.java:314)
		at org.apache.catalina.util.LifecycleBase.fireLifecycleEvent(LifecycleBase.java:123)
		at org.apache.catalina.core.ContainerBase.backgroundProcess(ContainerBase.java:1098)
		at org.apache.catalina.core.ContainerBase$ContainerBackgroundProcessor.processChildren(ContainerBase.java:1297)
		at org.apache.catalina.core.ContainerBase$ContainerBackgroundProcessor.processChildren(ContainerBase.java:1301)
		at org.apache.catalina.core.ContainerBase$ContainerBackgroundProcessor.run(ContainerBase.java:1279)
		at java.base/java.util.concurrent.Executors$RunnableAdapter.call(Executors.java:539)
		at java.base/java.util.concurrent.FutureTask.runAndReset(FutureTask.java:305)
		at java.base/java.util.concurrent.ScheduledThreadPoolExecutor$ScheduledFutureTask.run(ScheduledThreadPoolExecutor.java:305)
		at java.base/java.util.concurrent.ThreadPoolExecutor.runWorker(ThreadPoolExecutor.java:1136)
		at java.base/java.util.concurrent.ThreadPoolExecutor$Worker.run(ThreadPoolExecutor.java:635)
		at org.apache.tomcat.util.threads.TaskThread$WrappingRunnable.run(TaskThread.java:61)
		at java.base/java.lang.Thread.run(Thread.java:833)
	Caused by: org.apache.catalina.LifecycleException: Failed to start component [org.apache.catalina.webresources.StandardRoot@5eeba24e]
		at org.apache.catalina.util.LifecycleBase.handleSubClassException(LifecycleBase.java:440)
		at org.apache.catalina.util.LifecycleBase.start(LifecycleBase.java:198)
		at org.apache.catalina.core.StandardContext.resourcesStart(StandardContext.java:4607)
		at org.apache.catalina.core.StandardContext.startInternal(StandardContext.java:4740)
		at org.apache.catalina.util.LifecycleBase.start(LifecycleBase.java:183)
		at org.apache.catalina.core.ContainerBase.addChildInternal(ContainerBase.java:683)
		... 24 more
	Caused by: java.lang.IllegalArgumentException: The main resource set specified [C:\Users\MINEDUCYT\Desktop\RNML20230814\build\web] is not a directory or war file, or is not readable (it does not exist or permissions to access it are missing)
		at org.apache.catalina.webresources.StandardRoot.createMainResourceSet(StandardRoot.java:749)
		at org.apache.catalina.webresources.StandardRoot.startInternal(StandardRoot.java:707)
		at org.apache.catalina.util.LifecycleBase.start(LifecycleBase.java:183)
		... 28 more
14-Aug-2023 09:59:21.135 INFO [Catalina-utility-1] org.apache.catalina.startup.HostConfig.deployDescriptor Deployment of deployment descriptor [C:\Users\MINEDUCYT\Downloads\GitHub\FixnimartJava\FixnimartJava.AccesoADatos\server\apache-tomcat-9.0.78\conf\Catalina\localhost\RNML20230814AppWeb.xml] has finished in [293] ms
