04-Aug-2023 02:24:42.312 INFORMACIÓN [main] org.apache.catalina.core.ApplicationContext.log SessionListener: contextDestroyed()
04-Aug-2023 02:24:42.312 INFORMACIÓN [main] org.apache.catalina.core.ApplicationContext.log ContextListener: contextDestroyed()
04-Aug-2023 23:36:59.527 INFORMACIÓN [main] org.apache.catalina.core.ApplicationContext.log ContextListener: contextInitialized()
04-Aug-2023 23:36:59.527 INFORMACIÓN [main] org.apache.catalina.core.ApplicationContext.log SessionListener: contextInitialized()
04-Aug-2023 23:36:59.529 INFORMACIÓN [main] org.apache.catalina.core.ApplicationContext.log ContextListener: attributeAdded('StockTicker', 'async.Stockticker@1ad8df52')
04-Aug-2023 23:52:41.460 GRAVE [http-nio-8080-exec-16] org.apache.catalina.core.StandardWrapperValve.invoke El Servlet.service() para el servlet [PdfGeneratorServlet] en el contexto con ruta [] lanzó la excepción [La ejecución del Servlet lanzó una excepción] con causa raíz
	java.lang.ClassNotFoundException: com.itextpdf.text.log.LoggerFactory
		at org.apache.catalina.loader.WebappClassLoaderBase.loadClass(WebappClassLoaderBase.java:1412)
		at org.apache.catalina.loader.WebappClassLoaderBase.loadClass(WebappClassLoaderBase.java:1220)
		at com.itextpdf.tool.xml.net.FileRetrieveImpl.<clinit>(FileRetrieveImpl.java:68)
		at com.itextpdf.tool.xml.css.StyleAttrCSSResolver.<init>(StyleAttrCSSResolver.java:113)
		at com.itextpdf.tool.xml.css.StyleAttrCSSResolver.<init>(StyleAttrCSSResolver.java:102)
		at com.itextpdf.tool.xml.css.StyleAttrCSSResolver.<init>(StyleAttrCSSResolver.java:90)
		at com.itextpdf.tool.xml.XMLWorkerHelper.parseXHtml(XMLWorkerHelper.java:229)
		at com.itextpdf.tool.xml.XMLWorkerHelper.parseXHtml(XMLWorkerHelper.java:211)
		at com.itextpdf.tool.xml.XMLWorkerHelper.parseXHtml(XMLWorkerHelper.java:184)
		at fixnimartjava.appweb.controllers.PdfGeneratorServlet.generatePdfFromHtml(PdfGeneratorServlet.java:46)
		at fixnimartjava.appweb.controllers.PdfGeneratorServlet.doGet(PdfGeneratorServlet.java:27)
		at javax.servlet.http.HttpServlet.service(HttpServlet.java:529)
		at javax.servlet.http.HttpServlet.service(HttpServlet.java:623)
		at org.apache.catalina.core.ApplicationFilterChain.internalDoFilter(ApplicationFilterChain.java:209)
		at org.apache.catalina.core.ApplicationFilterChain.doFilter(ApplicationFilterChain.java:153)
		at org.apache.tomcat.websocket.server.WsFilter.doFilter(WsFilter.java:51)
		at org.apache.catalina.core.ApplicationFilterChain.internalDoFilter(ApplicationFilterChain.java:178)
		at org.apache.catalina.core.ApplicationFilterChain.doFilter(ApplicationFilterChain.java:153)
		at org.apache.catalina.core.StandardWrapperValve.invoke(StandardWrapperValve.java:167)
		at org.apache.catalina.core.StandardContextValve.invoke(StandardContextValve.java:90)
		at org.apache.catalina.authenticator.AuthenticatorBase.invoke(AuthenticatorBase.java:481)
		at org.apache.catalina.core.StandardHostValve.invoke(StandardHostValve.java:130)
		at org.apache.catalina.valves.ErrorReportValve.invoke(ErrorReportValve.java:93)
		at org.apache.catalina.valves.AbstractAccessLogValve.invoke(AbstractAccessLogValve.java:673)
		at org.apache.catalina.core.StandardEngineValve.invoke(StandardEngineValve.java:74)
		at org.apache.catalina.connector.CoyoteAdapter.service(CoyoteAdapter.java:343)
		at org.apache.coyote.http11.Http11Processor.service(Http11Processor.java:390)
		at org.apache.coyote.AbstractProcessorLight.process(AbstractProcessorLight.java:63)
		at org.apache.coyote.AbstractProtocol$ConnectionHandler.process(AbstractProtocol.java:926)
		at org.apache.tomcat.util.net.NioEndpoint$SocketProcessor.doRun(NioEndpoint.java:1791)
		at org.apache.tomcat.util.net.SocketProcessorBase.run(SocketProcessorBase.java:52)
		at org.apache.tomcat.util.threads.ThreadPoolExecutor.runWorker(ThreadPoolExecutor.java:1191)
		at org.apache.tomcat.util.threads.ThreadPoolExecutor$Worker.run(ThreadPoolExecutor.java:659)
		at org.apache.tomcat.util.threads.TaskThread$WrappingRunnable.run(TaskThread.java:61)
		at java.base/java.lang.Thread.run(Thread.java:833)
04-Aug-2023 23:55:28.281 GRAVE [http-nio-8080-exec-34] org.apache.catalina.core.StandardWrapperValve.invoke El Servlet.service() para el servlet [PdfGeneratorServlet] en el contexto con ruta [] lanzó la excepción [La ejecución del Servlet lanzó una excepción] con causa raíz
	java.lang.ClassNotFoundException: com.itextpdf.text.log.LoggerFactory
		at org.apache.catalina.loader.WebappClassLoaderBase.loadClass(WebappClassLoaderBase.java:1412)
		at org.apache.catalina.loader.WebappClassLoaderBase.loadClass(WebappClassLoaderBase.java:1220)
		at com.itextpdf.tool.xml.net.FileRetrieveImpl.<clinit>(FileRetrieveImpl.java:68)
		at com.itextpdf.tool.xml.css.StyleAttrCSSResolver.<init>(StyleAttrCSSResolver.java:113)
		at com.itextpdf.tool.xml.css.StyleAttrCSSResolver.<init>(StyleAttrCSSResolver.java:102)
		at com.itextpdf.tool.xml.css.StyleAttrCSSResolver.<init>(StyleAttrCSSResolver.java:90)
		at com.itextpdf.tool.xml.XMLWorkerHelper.parseXHtml(XMLWorkerHelper.java:229)
		at com.itextpdf.tool.xml.XMLWorkerHelper.parseXHtml(XMLWorkerHelper.java:211)
		at com.itextpdf.tool.xml.XMLWorkerHelper.parseXHtml(XMLWorkerHelper.java:184)
		at fixnimartjava.appweb.controllers.PdfGeneratorServlet.generatePdfFromHtml(PdfGeneratorServlet.java:47)
		at fixnimartjava.appweb.controllers.PdfGeneratorServlet.doGet(PdfGeneratorServlet.java:29)
		at javax.servlet.http.HttpServlet.service(HttpServlet.java:529)
		at javax.servlet.http.HttpServlet.service(HttpServlet.java:623)
		at org.apache.catalina.core.ApplicationFilterChain.internalDoFilter(ApplicationFilterChain.java:209)
		at org.apache.catalina.core.ApplicationFilterChain.doFilter(ApplicationFilterChain.java:153)
		at org.apache.tomcat.websocket.server.WsFilter.doFilter(WsFilter.java:51)
		at org.apache.catalina.core.ApplicationFilterChain.internalDoFilter(ApplicationFilterChain.java:178)
		at org.apache.catalina.core.ApplicationFilterChain.doFilter(ApplicationFilterChain.java:153)
		at org.apache.catalina.core.StandardWrapperValve.invoke(StandardWrapperValve.java:167)
		at org.apache.catalina.core.StandardContextValve.invoke(StandardContextValve.java:90)
		at org.apache.catalina.authenticator.AuthenticatorBase.invoke(AuthenticatorBase.java:481)
		at org.apache.catalina.core.StandardHostValve.invoke(StandardHostValve.java:130)
		at org.apache.catalina.valves.ErrorReportValve.invoke(ErrorReportValve.java:93)
		at org.apache.catalina.valves.AbstractAccessLogValve.invoke(AbstractAccessLogValve.java:673)
		at org.apache.catalina.core.StandardEngineValve.invoke(StandardEngineValve.java:74)
		at org.apache.catalina.connector.CoyoteAdapter.service(CoyoteAdapter.java:343)
		at org.apache.coyote.http11.Http11Processor.service(Http11Processor.java:390)
		at org.apache.coyote.AbstractProcessorLight.process(AbstractProcessorLight.java:63)
		at org.apache.coyote.AbstractProtocol$ConnectionHandler.process(AbstractProtocol.java:926)
		at org.apache.tomcat.util.net.NioEndpoint$SocketProcessor.doRun(NioEndpoint.java:1791)
		at org.apache.tomcat.util.net.SocketProcessorBase.run(SocketProcessorBase.java:52)
		at org.apache.tomcat.util.threads.ThreadPoolExecutor.runWorker(ThreadPoolExecutor.java:1191)
		at org.apache.tomcat.util.threads.ThreadPoolExecutor$Worker.run(ThreadPoolExecutor.java:659)
		at org.apache.tomcat.util.threads.TaskThread$WrappingRunnable.run(TaskThread.java:61)
		at java.base/java.lang.Thread.run(Thread.java:833)
