03-Aug-2023 21:54:02.879 INFORMACIÓN [main] org.apache.catalina.core.ApplicationContext.log ContextListener: contextInitialized()
03-Aug-2023 21:54:02.879 INFORMACIÓN [main] org.apache.catalina.core.ApplicationContext.log SessionListener: contextInitialized()
03-Aug-2023 21:54:02.881 INFORMACIÓN [main] org.apache.catalina.core.ApplicationContext.log ContextListener: attributeAdded('StockTicker', 'async.Stockticker@3b152928')
03-Aug-2023 22:35:09.423 GRAVE [http-nio-8080-exec-5] org.apache.catalina.core.ApplicationDispatcher.invoke El Servlet.service() para servlet [jsp] lanzó una excepción
	org.apache.el.parser.ParseException: Encountered " "?" "? "" at line 1, column 7.
Was expecting one of:
    "}" ...
    "." ...
    "[" ...
    ";" ...
    ">" ...
    "gt" ...
    "<" ...
    "lt" ...
    ">=" ...
    "ge" ...
    "<=" ...
    "le" ...
    "==" ...
    "eq" ...
    "!=" ...
    "ne" ...
    "&&" ...
    "and" ...
    "||" ...
    "or" ...
    "*" ...
    "+" ...
    "-" ...
    "/" ...
    "div" ...
    "%" ...
    "mod" ...
    "+=" ...
    
		at org.apache.el.parser.ELParser.generateParseException(ELParser.java:3897)
		at org.apache.el.parser.ELParser.jj_consume_token(ELParser.java:3747)
		at org.apache.el.parser.ELParser.DynamicExpression(ELParser.java:163)
		at org.apache.el.parser.ELParser.CompositeExpression(ELParser.java:46)
		at org.apache.el.lang.ExpressionBuilder.createNodeInternal(ExpressionBuilder.java:113)
		at org.apache.el.lang.ExpressionBuilder.build(ExpressionBuilder.java:175)
		at org.apache.el.lang.ExpressionBuilder.createValueExpression(ExpressionBuilder.java:239)
		at org.apache.el.ExpressionFactoryImpl.createValueExpression(ExpressionFactoryImpl.java:66)
		at org.apache.jasper.compiler.Validator$ValidateVisitor.prepareExpression(Validator.java:1642)
		at org.apache.jasper.compiler.Validator$ValidateVisitor.visit(Validator.java:771)
		at org.apache.jasper.compiler.Node$ELExpression.accept(Node.java:955)
		at org.apache.jasper.compiler.Node$Nodes.visit(Node.java:2375)
		at org.apache.jasper.compiler.Node$Visitor.visitBody(Node.java:2431)
		at org.apache.jasper.compiler.Node$Visitor.visit(Node.java:2437)
		at org.apache.jasper.compiler.Node$Root.accept(Node.java:467)
		at org.apache.jasper.compiler.Node$Nodes.visit(Node.java:2375)
		at org.apache.jasper.compiler.Validator.validateExDirectives(Validator.java:1869)
		at org.apache.jasper.compiler.Compiler.generateJava(Compiler.java:225)
		at org.apache.jasper.compiler.Compiler.compile(Compiler.java:392)
		at org.apache.jasper.compiler.Compiler.compile(Compiler.java:368)
		at org.apache.jasper.compiler.Compiler.compile(Compiler.java:352)
		at org.apache.jasper.JspCompilationContext.compile(JspCompilationContext.java:603)
		at org.apache.jasper.servlet.JspServletWrapper.service(JspServletWrapper.java:399)
		at org.apache.jasper.servlet.JspServlet.serviceJspFile(JspServlet.java:379)
		at org.apache.jasper.servlet.JspServlet.service(JspServlet.java:327)
		at javax.servlet.http.HttpServlet.service(HttpServlet.java:623)
		at org.apache.catalina.core.ApplicationFilterChain.internalDoFilter(ApplicationFilterChain.java:209)
		at org.apache.catalina.core.ApplicationFilterChain.doFilter(ApplicationFilterChain.java:153)
		at org.apache.tomcat.websocket.server.WsFilter.doFilter(WsFilter.java:51)
		at org.apache.catalina.core.ApplicationFilterChain.internalDoFilter(ApplicationFilterChain.java:178)
		at org.apache.catalina.core.ApplicationFilterChain.doFilter(ApplicationFilterChain.java:153)
		at org.apache.catalina.core.ApplicationDispatcher.invoke(ApplicationDispatcher.java:661)
		at org.apache.catalina.core.ApplicationDispatcher.processRequest(ApplicationDispatcher.java:425)
		at org.apache.catalina.core.ApplicationDispatcher.doForward(ApplicationDispatcher.java:357)
		at org.apache.catalina.core.ApplicationDispatcher.forward(ApplicationDispatcher.java:294)
		at fixnimartjava.appweb.controllers.SaleServlet.doGetRequestCreate(SaleServlet.java:123)
		at fixnimartjava.appweb.controllers.SaleServlet.doGet(SaleServlet.java:157)
		at javax.servlet.http.HttpServlet.service(HttpServlet.java:529)
		at javax.servlet.http.HttpServlet.service(HttpServlet.java:623)
		at org.apache.catalina.core.ApplicationFilterChain.internalDoFilter(ApplicationFilterChain.java:209)
		at org.apache.catalina.core.ApplicationFilterChain.doFilter(ApplicationFilterChain.java:153)
		at org.apache.tomcat.websocket.server.WsFilter.doFilter(WsFilter.java:51)
		at org.apache.catalina.core.ApplicationFilterChain.internalDoFilter(ApplicationFilterChain.java:178)
		at org.apache.catalina.core.ApplicationFilterChain.doFilter(ApplicationFilterChain.java:153)
		at org.apache.catalina.core.StandardWrapperValve.invoke(StandardWrapperValve.java:167)
		at org.apache.catalina.core.StandardContextValve.invoke(StandardContextValve.java:90)
		at org.apache.catalina.authenticator.AuthenticatorBase.invoke(AuthenticatorBase.java:481)
		at org.apache.catalina.core.StandardHostValve.invoke(StandardHostValve.java:130)
		at org.apache.catalina.valves.ErrorReportValve.invoke(ErrorReportValve.java:93)
		at org.apache.catalina.valves.AbstractAccessLogValve.invoke(AbstractAccessLogValve.java:673)
		at org.apache.catalina.core.StandardEngineValve.invoke(StandardEngineValve.java:74)
		at org.apache.catalina.connector.CoyoteAdapter.service(CoyoteAdapter.java:343)
		at org.apache.coyote.http11.Http11Processor.service(Http11Processor.java:390)
		at org.apache.coyote.AbstractProcessorLight.process(AbstractProcessorLight.java:63)
		at org.apache.coyote.AbstractProtocol$ConnectionHandler.process(AbstractProtocol.java:926)
		at org.apache.tomcat.util.net.NioEndpoint$SocketProcessor.doRun(NioEndpoint.java:1791)
		at org.apache.tomcat.util.net.SocketProcessorBase.run(SocketProcessorBase.java:52)
		at org.apache.tomcat.util.threads.ThreadPoolExecutor.runWorker(ThreadPoolExecutor.java:1191)
		at org.apache.tomcat.util.threads.ThreadPoolExecutor$Worker.run(ThreadPoolExecutor.java:659)
		at org.apache.tomcat.util.threads.TaskThread$WrappingRunnable.run(TaskThread.java:61)
		at java.base/java.lang.Thread.run(Thread.java:833)
03-Aug-2023 22:35:09.423 GRAVE [http-nio-8080-exec-5] org.apache.catalina.core.StandardWrapperValve.invoke El Servlet.service() para el servlet [SaleServlet] en el contexto con ruta [] lanzó la excepción [org.apache.jasper.JasperException: javax.el.ELException: Failed to parse the expression [${data?.description}]] con causa raíz
	org.apache.el.parser.ParseException: Encountered " "?" "? "" at line 1, column 7.
Was expecting one of:
    "}" ...
    "." ...
    "[" ...
    ";" ...
    ">" ...
    "gt" ...
    "<" ...
    "lt" ...
    ">=" ...
    "ge" ...
    "<=" ...
    "le" ...
    "==" ...
    "eq" ...
    "!=" ...
    "ne" ...
    "&&" ...
    "and" ...
    "||" ...
    "or" ...
    "*" ...
    "+" ...
    "-" ...
    "/" ...
    "div" ...
    "%" ...
    "mod" ...
    "+=" ...
    
		at org.apache.el.parser.ELParser.generateParseException(ELParser.java:3897)
		at org.apache.el.parser.ELParser.jj_consume_token(ELParser.java:3747)
		at org.apache.el.parser.ELParser.DynamicExpression(ELParser.java:163)
		at org.apache.el.parser.ELParser.CompositeExpression(ELParser.java:46)
		at org.apache.el.lang.ExpressionBuilder.createNodeInternal(ExpressionBuilder.java:113)
		at org.apache.el.lang.ExpressionBuilder.build(ExpressionBuilder.java:175)
		at org.apache.el.lang.ExpressionBuilder.createValueExpression(ExpressionBuilder.java:239)
		at org.apache.el.ExpressionFactoryImpl.createValueExpression(ExpressionFactoryImpl.java:66)
		at org.apache.jasper.compiler.Validator$ValidateVisitor.prepareExpression(Validator.java:1642)
		at org.apache.jasper.compiler.Validator$ValidateVisitor.visit(Validator.java:771)
		at org.apache.jasper.compiler.Node$ELExpression.accept(Node.java:955)
		at org.apache.jasper.compiler.Node$Nodes.visit(Node.java:2375)
		at org.apache.jasper.compiler.Node$Visitor.visitBody(Node.java:2431)
		at org.apache.jasper.compiler.Node$Visitor.visit(Node.java:2437)
		at org.apache.jasper.compiler.Node$Root.accept(Node.java:467)
		at org.apache.jasper.compiler.Node$Nodes.visit(Node.java:2375)
		at org.apache.jasper.compiler.Validator.validateExDirectives(Validator.java:1869)
		at org.apache.jasper.compiler.Compiler.generateJava(Compiler.java:225)
		at org.apache.jasper.compiler.Compiler.compile(Compiler.java:392)
		at org.apache.jasper.compiler.Compiler.compile(Compiler.java:368)
		at org.apache.jasper.compiler.Compiler.compile(Compiler.java:352)
		at org.apache.jasper.JspCompilationContext.compile(JspCompilationContext.java:603)
		at org.apache.jasper.servlet.JspServletWrapper.service(JspServletWrapper.java:399)
		at org.apache.jasper.servlet.JspServlet.serviceJspFile(JspServlet.java:379)
		at org.apache.jasper.servlet.JspServlet.service(JspServlet.java:327)
		at javax.servlet.http.HttpServlet.service(HttpServlet.java:623)
		at org.apache.catalina.core.ApplicationFilterChain.internalDoFilter(ApplicationFilterChain.java:209)
		at org.apache.catalina.core.ApplicationFilterChain.doFilter(ApplicationFilterChain.java:153)
		at org.apache.tomcat.websocket.server.WsFilter.doFilter(WsFilter.java:51)
		at org.apache.catalina.core.ApplicationFilterChain.internalDoFilter(ApplicationFilterChain.java:178)
		at org.apache.catalina.core.ApplicationFilterChain.doFilter(ApplicationFilterChain.java:153)
		at org.apache.catalina.core.ApplicationDispatcher.invoke(ApplicationDispatcher.java:661)
		at org.apache.catalina.core.ApplicationDispatcher.processRequest(ApplicationDispatcher.java:425)
		at org.apache.catalina.core.ApplicationDispatcher.doForward(ApplicationDispatcher.java:357)
		at org.apache.catalina.core.ApplicationDispatcher.forward(ApplicationDispatcher.java:294)
		at fixnimartjava.appweb.controllers.SaleServlet.doGetRequestCreate(SaleServlet.java:123)
		at fixnimartjava.appweb.controllers.SaleServlet.doGet(SaleServlet.java:157)
		at javax.servlet.http.HttpServlet.service(HttpServlet.java:529)
		at javax.servlet.http.HttpServlet.service(HttpServlet.java:623)
		at org.apache.catalina.core.ApplicationFilterChain.internalDoFilter(ApplicationFilterChain.java:209)
		at org.apache.catalina.core.ApplicationFilterChain.doFilter(ApplicationFilterChain.java:153)
		at org.apache.tomcat.websocket.server.WsFilter.doFilter(WsFilter.java:51)
		at org.apache.catalina.core.ApplicationFilterChain.internalDoFilter(ApplicationFilterChain.java:178)
		at org.apache.catalina.core.ApplicationFilterChain.doFilter(ApplicationFilterChain.java:153)
		at org.apache.catalina.core.StandardWrapperValve.invoke(StandardWrapperValve.java:167)
		at org.apache.catalina.core.StandardContextValve.invoke(StandardContextValve.java:90)
		at org.apache.catalina.authenticator.AuthenticatorBase.invoke(AuthenticatorBase.java:481)
		at org.apache.catalina.core.StandardHostValve.invoke(StandardHostValve.java:130)
		at org.apache.catalina.valves.ErrorReportValve.invoke(ErrorReportValve.java:93)
		at org.apache.catalina.valves.AbstractAccessLogValve.invoke(AbstractAccessLogValve.java:673)
		at org.apache.catalina.core.StandardEngineValve.invoke(StandardEngineValve.java:74)
		at org.apache.catalina.connector.CoyoteAdapter.service(CoyoteAdapter.java:343)
		at org.apache.coyote.http11.Http11Processor.service(Http11Processor.java:390)
		at org.apache.coyote.AbstractProcessorLight.process(AbstractProcessorLight.java:63)
		at org.apache.coyote.AbstractProtocol$ConnectionHandler.process(AbstractProtocol.java:926)
		at org.apache.tomcat.util.net.NioEndpoint$SocketProcessor.doRun(NioEndpoint.java:1791)
		at org.apache.tomcat.util.net.SocketProcessorBase.run(SocketProcessorBase.java:52)
		at org.apache.tomcat.util.threads.ThreadPoolExecutor.runWorker(ThreadPoolExecutor.java:1191)
		at org.apache.tomcat.util.threads.ThreadPoolExecutor$Worker.run(ThreadPoolExecutor.java:659)
		at org.apache.tomcat.util.threads.TaskThread$WrappingRunnable.run(TaskThread.java:61)
		at java.base/java.lang.Thread.run(Thread.java:833)
