09-Aug-2023 09:59:14.544 INFO [http-nio-8080-exec-5] org.apache.catalina.core.ApplicationContext.log Manager: init: Associated with Deployer 'Catalina:type=Deployer,host=localhost'
09-Aug-2023 09:59:14.548 INFO [http-nio-8080-exec-5] org.apache.catalina.core.ApplicationContext.log Manager: init: Global resources are available
09-Aug-2023 09:59:14.663 INFO [http-nio-8080-exec-9] org.apache.catalina.core.ApplicationContext.log Manager: list: Listing contexts for virtual host 'localhost'
09-Aug-2023 09:59:14.673 INFO [http-nio-8080-exec-10] org.apache.catalina.core.ApplicationContext.log Manager: list: Listing contexts for virtual host 'localhost'
09-Aug-2023 09:59:14.813 INFO [http-nio-8080-exec-2] org.apache.catalina.core.ApplicationContext.log Manager: undeploy: Undeploying web application at '/'
09-Aug-2023 10:01:19.041 INFO [http-nio-8080-exec-12] org.apache.catalina.core.ApplicationContext.log Manager: list: Listing contexts for virtual host 'localhost'
09-Aug-2023 10:01:19.060 INFO [http-nio-8080-exec-12] org.apache.catalina.core.ApplicationContext.log Manager: list: Listing contexts for virtual host 'localhost'
09-Aug-2023 10:01:19.100 INFO [http-nio-8080-exec-1] org.apache.catalina.core.ApplicationContext.log Manager: install: Installing context configuration at 'file:/C:/Users/MINEDU~1/AppData/Local/Temp/context8551667293061310589.xml'
09-Aug-2023 10:01:19.984 INFO [http-nio-8080-exec-13] org.apache.catalina.core.ApplicationContext.log Manager: list: Listing contexts for virtual host 'localhost'
09-Aug-2023 10:01:23.571 INFO [http-nio-8080-exec-12] org.apache.catalina.core.ApplicationContext.log Manager: restart: Reloading web application '/'
09-Aug-2023 10:01:26.964 INFO [http-nio-8080-exec-14] org.apache.catalina.core.ApplicationContext.log Manager: start: Starting web application '/'
09-Aug-2023 10:48:45.314 INFO [http-nio-8080-exec-18] org.apache.catalina.core.ApplicationContext.log Manager: list: Listing contexts for virtual host 'localhost'
09-Aug-2023 10:48:47.750 INFO [http-nio-8080-exec-22] org.apache.catalina.core.ApplicationContext.log Manager: list: Listing contexts for virtual host 'localhost'
09-Aug-2023 10:48:47.769 INFO [http-nio-8080-exec-19] org.apache.catalina.core.ApplicationContext.log Manager: list: Listing contexts for virtual host 'localhost'
09-Aug-2023 10:50:33.161 INFO [http-nio-8080-exec-21] org.apache.catalina.core.ApplicationContext.log Manager: list: Listing contexts for virtual host 'localhost'
09-Aug-2023 10:50:35.626 INFO [http-nio-8080-exec-24] org.apache.catalina.core.ApplicationContext.log Manager: list: Listing contexts for virtual host 'localhost'
09-Aug-2023 10:50:35.664 INFO [http-nio-8080-exec-20] org.apache.catalina.core.ApplicationContext.log Manager: list: Listing contexts for virtual host 'localhost'
09-Aug-2023 10:52:00.166 INFO [http-nio-8080-exec-25] org.apache.catalina.core.ApplicationContext.log Manager: list: Listing contexts for virtual host 'localhost'
09-Aug-2023 10:52:02.241 INFO [http-nio-8080-exec-18] org.apache.catalina.core.ApplicationContext.log Manager: list: Listing contexts for virtual host 'localhost'
09-Aug-2023 10:52:02.272 INFO [http-nio-8080-exec-17] org.apache.catalina.core.ApplicationContext.log Manager: list: Listing contexts for virtual host 'localhost'
09-Aug-2023 10:55:36.093 INFO [http-nio-8080-exec-24] org.apache.catalina.core.ApplicationContext.log Manager: list: Listing contexts for virtual host 'localhost'
09-Aug-2023 10:55:39.686 INFO [http-nio-8080-exec-17] org.apache.catalina.core.ApplicationContext.log Manager: list: Listing contexts for virtual host 'localhost'
09-Aug-2023 10:55:39.698 INFO [http-nio-8080-exec-20] org.apache.catalina.core.ApplicationContext.log Manager: list: Listing contexts for virtual host 'localhost'
09-Aug-2023 10:58:04.433 INFO [http-nio-8080-exec-22] org.apache.catalina.core.ApplicationContext.log Manager: list: Listing contexts for virtual host 'localhost'
09-Aug-2023 10:58:06.412 INFO [http-nio-8080-exec-23] org.apache.catalina.core.ApplicationContext.log Manager: list: Listing contexts for virtual host 'localhost'
09-Aug-2023 10:58:06.429 INFO [http-nio-8080-exec-18] org.apache.catalina.core.ApplicationContext.log Manager: list: Listing contexts for virtual host 'localhost'
09-Aug-2023 10:59:49.106 INFO [http-nio-8080-exec-18] org.apache.catalina.core.ApplicationContext.log Manager: list: Listing contexts for virtual host 'localhost'
09-Aug-2023 10:59:51.020 INFO [http-nio-8080-exec-26] org.apache.catalina.core.ApplicationContext.log Manager: list: Listing contexts for virtual host 'localhost'
09-Aug-2023 10:59:51.040 INFO [http-nio-8080-exec-20] org.apache.catalina.core.ApplicationContext.log Manager: list: Listing contexts for virtual host 'localhost'
09-Aug-2023 11:11:22.091 INFO [http-nio-8080-exec-17] org.apache.catalina.core.ApplicationContext.log Manager: list: Listing contexts for virtual host 'localhost'
09-Aug-2023 11:11:22.127 INFO [http-nio-8080-exec-21] org.apache.catalina.core.ApplicationContext.log Manager: restart: Reloading web application '/'
09-Aug-2023 11:14:49.035 INFO [http-nio-8080-exec-33] org.apache.catalina.core.ApplicationContext.log Manager: list: Listing contexts for virtual host 'localhost'
09-Aug-2023 11:45:16.381 INFO [http-nio-8080-exec-31] org.apache.catalina.core.ApplicationContext.log Manager: list: Listing contexts for virtual host 'localhost'
09-Aug-2023 11:45:16.402 INFO [http-nio-8080-exec-34] org.apache.catalina.core.ApplicationContext.log Manager: restart: Reloading web application '/'
09-Aug-2023 11:45:22.156 INFO [http-nio-8080-exec-27] org.apache.catalina.core.ApplicationContext.log Manager: list: Listing contexts for virtual host 'localhost'
09-Aug-2023 11:45:22.166 INFO [http-nio-8080-exec-30] org.apache.catalina.core.ApplicationContext.log Manager: restart: Reloading web application '/'
09-Aug-2023 11:46:09.723 INFO [http-nio-8080-exec-28] org.apache.catalina.core.ApplicationContext.log Manager: list: Listing contexts for virtual host 'localhost'
09-Aug-2023 11:46:09.730 INFO [http-nio-8080-exec-36] org.apache.catalina.core.ApplicationContext.log Manager: list: Listing contexts for virtual host 'localhost'
09-Aug-2023 11:46:09.787 INFO [http-nio-8080-exec-38] org.apache.catalina.core.ApplicationContext.log Manager: restart: Reloading web application '/'
09-Aug-2023 11:49:39.539 INFO [http-nio-8080-exec-41] org.apache.catalina.core.ApplicationContext.log Manager: list: Listing contexts for virtual host 'localhost'
09-Aug-2023 11:49:39.555 INFO [http-nio-8080-exec-44] org.apache.catalina.core.ApplicationContext.log Manager: list: Listing contexts for virtual host 'localhost'
09-Aug-2023 11:49:39.617 INFO [http-nio-8080-exec-47] org.apache.catalina.core.ApplicationContext.log Manager: restart: Reloading web application '/'
09-Aug-2023 11:49:43.056 INFO [http-nio-8080-exec-40] org.apache.catalina.core.ApplicationContext.log Manager: list: Listing contexts for virtual host 'localhost'
09-Aug-2023 11:49:43.097 INFO [http-nio-8080-exec-27] org.apache.catalina.core.ApplicationContext.log Manager: restart: Reloading web application '/'
09-Aug-2023 11:50:01.283 INFO [http-nio-8080-exec-40] org.apache.catalina.core.ApplicationContext.log Manager: list: Listing contexts for virtual host 'localhost'
09-Aug-2023 11:50:01.330 INFO [http-nio-8080-exec-49] org.apache.catalina.core.ApplicationContext.log Manager: list: Listing contexts for virtual host 'localhost'
